# JRE version: OpenJDK Runtime Environment (8.0_212-b04) (build 1.8.0_212-release-1586-b04)
# Java VM: OpenJDK 64-Bit Server VM (25.212-b04 mixed mode windows-amd64 compressed oops)
Heap:
 PSYoungGen      total 105472K, used 49783K [0x00000000e0000000, 0x00000000e9000000, 0x0000000100000000)
  eden space 97280K, 42% used [0x00000000e0000000,0x00000000e28c7368,0x00000000e5f00000)
  from space 8192K, 97% used [0x00000000e8800000,0x00000000e8fd6c40,0x00000000e9000000)
  to   space 10752K, 0% used [0x00000000e7b00000,0x00000000e7b00000,0x00000000e8580000)
 ParOldGen       total 40448K, used 12062K [0x00000000a0000000, 0x00000000a2780000, 0x00000000e0000000)
  object space 40448K, 29% used [0x00000000a0000000,0x00000000a0bc78e8,0x00000000a2780000)
 Metaspace       used 30762K, capacity 31352K, committed 31616K, reserved 1077248K
  class space    used 4179K, capacity 4367K, committed 4480K, reserved 1048576K
GC Heap History (10 events):
Event: 2.237 GC heap before
{Heap before GC invocations=5 (full 0):
 PSYoungGen      total 35328K, used 35312K [0x00000000e0000000, 0x00000000e2500000, 0x0000000100000000)
  eden space 32768K, 100% used [0x00000000e0000000,0x00000000e2000000,0x00000000e2000000)
  from space 2560K, 99% used [0x00000000e2280000,0x00000000e24fc010,0x00000000e2500000)
  to   space 2560K, 0% used [0x00000000e2000000,0x00000000e2000000,0x00000000e2280000)
 ParOldGen       total 44032K, used 1433K [0x00000000a0000000, 0x00000000a2b00000, 0x00000000e0000000)
  object space 44032K, 3% used [0x00000000a0000000,0x00000000a0166480,0x00000000a2b00000)
 Metaspace       used 12400K, capacity 12830K, committed 13184K, reserved 1060864K
  class space    used 1665K, capacity 1807K, committed 1920K, reserved 1048576K
Event: 2.249 GC heap after
Heap after GC invocations=5 (full 0):
 PSYoungGen      total 35328K, used 2544K [0x00000000e0000000, 0x00000000e4c00000, 0x0000000100000000)
  eden space 32768K, 0% used [0x00000000e0000000,0x00000000e0000000,0x00000000e2000000)
  from space 2560K, 99% used [0x00000000e2000000,0x00000000e227c010,0x00000000e2280000)
  to   space 6144K, 0% used [0x00000000e4600000,0x00000000e4600000,0x00000000e4c00000)
 ParOldGen       total 44032K, used 5217K [0x00000000a0000000, 0x00000000a2b00000, 0x00000000e0000000)
  object space 44032K, 11% used [0x00000000a0000000,0x00000000a05187e0,0x00000000a2b00000)
 Metaspace       used 12400K, capacity 12830K, committed 13184K, reserved 1060864K
  class space    used 1665K, capacity 1807K, committed 1920K, reserved 1048576K
}
Event: 2.651 GC heap before
{Heap before GC invocations=6 (full 0):
 PSYoungGen      total 35328K, used 35312K [0x00000000e0000000, 0x00000000e4c00000, 0x0000000100000000)
  eden space 32768K, 100% used [0x00000000e0000000,0x00000000e2000000,0x00000000e2000000)
  from space 2560K, 99% used [0x00000000e2000000,0x00000000e227c010,0x00000000e2280000)
  to   space 6144K, 0% used [0x00000000e4600000,0x00000000e4600000,0x00000000e4c00000)
 ParOldGen       total 44032K, used 5217K [0x00000000a0000000, 0x00000000a2b00000, 0x00000000e0000000)
  object space 44032K, 11% used [0x00000000a0000000,0x00000000a05187e0,0x00000000a2b00000)
 Metaspace       used 14645K, capacity 14986K, committed 15232K, reserved 1062912K
  class space    used 2050K, capacity 2165K, committed 2176K, reserved 1048576K
Event: 2.660 GC heap after
Heap after GC invocations=6 (full 0):
 PSYoungGen      total 70656K, used 5843K [0x00000000e0000000, 0x00000000e4e00000, 0x0000000100000000)
  eden space 64512K, 0% used [0x00000000e0000000,0x00000000e0000000,0x00000000e3f00000)
  from space 6144K, 95% used [0x00000000e4600000,0x00000000e4bb4ea8,0x00000000e4c00000)
  to   space 7168K, 0% used [0x00000000e3f00000,0x00000000e3f00000,0x00000000e4600000)
 ParOldGen       total 44032K, used 5217K [0x00000000a0000000, 0x00000000a2b00000, 0x00000000e0000000)
  object space 44032K, 11% used [0x00000000a0000000,0x00000000a05187e0,0x00000000a2b00000)
 Metaspace       used 14645K, capacity 14986K, committed 15232K, reserved 1062912K
  class space    used 2050K, capacity 2165K, committed 2176K, reserved 1048576K
}
Event: 8.695 GC heap before
{Heap before GC invocations=7 (full 0):
 PSYoungGen      total 70656K, used 67685K [0x00000000e0000000, 0x00000000e4e00000, 0x0000000100000000)
  eden space 64512K, 95% used [0x00000000e0000000,0x00000000e3c648a0,0x00000000e3f00000)
  from space 6144K, 95% used [0x00000000e4600000,0x00000000e4bb4ea8,0x00000000e4c00000)
  to   space 7168K, 0% used [0x00000000e3f00000,0x00000000e3f00000,0x00000000e4600000)
 ParOldGen       total 44032K, used 5217K [0x00000000a0000000, 0x00000000a2b00000, 0x00000000e0000000)
  object space 44032K, 11% used [0x00000000a0000000,0x00000000a05187e0,0x00000000a2b00000)
 Metaspace       used 20717K, capacity 21206K, committed 21296K, reserved 1067008K
  class space    used 2987K, capacity 3165K, committed 3200K, reserved 1048576K
Event: 8.706 GC heap after
Heap after GC invocations=7 (full 0):
 PSYoungGen      total 71680K, used 7161K [0x00000000e0000000, 0x00000000e9200000, 0x0000000100000000)
  eden space 64512K, 0% used [0x00000000e0000000,0x00000000e0000000,0x00000000e3f00000)
  from space 7168K, 99% used [0x00000000e3f00000,0x00000000e45fe690,0x00000000e4600000)
  to   space 10240K, 0% used [0x00000000e8800000,0x00000000e8800000,0x00000000e9200000)
 ParOldGen       total 44032K, used 8908K [0x00000000a0000000, 0x00000000a2b00000, 0x00000000e0000000)
  object space 44032K, 20% used [0x00000000a0000000,0x00000000a08b3008,0x00000000a2b00000)
 Metaspace       used 20717K, capacity 21206K, committed 21296K, reserved 1067008K
  class space    used 2987K, capacity 3165K, committed 3200K, reserved 1048576K
}
Event: 8.706 GC heap before
{Heap before GC invocations=8 (full 1):
 PSYoungGen      total 71680K, used 7161K [0x00000000e0000000, 0x00000000e9200000, 0x0000000100000000)
  eden space 64512K, 0% used [0x00000000e0000000,0x00000000e0000000,0x00000000e3f00000)
  from space 7168K, 99% used [0x00000000e3f00000,0x00000000e45fe690,0x00000000e4600000)
  to   space 10240K, 0% used [0x00000000e8800000,0x00000000e8800000,0x00000000e9200000)
 ParOldGen       total 44032K, used 8908K [0x00000000a0000000, 0x00000000a2b00000, 0x00000000e0000000)
  object space 44032K, 20% used [0x00000000a0000000,0x00000000a08b3008,0x00000000a2b00000)
 Metaspace       used 20717K, capacity 21206K, committed 21296K, reserved 1067008K
  class space    used 2987K, capacity 3165K, committed 3200K, reserved 1048576K
Event: 8.802 GC heap after
Heap after GC invocations=8 (full 1):
 PSYoungGen      total 71680K, used 0K [0x00000000e0000000, 0x00000000e9200000, 0x0000000100000000)
  eden space 64512K, 0% used [0x00000000e0000000,0x00000000e0000000,0x00000000e3f00000)
  from space 7168K, 0% used [0x00000000e3f00000,0x00000000e3f00000,0x00000000e4600000)
  to   space 10240K, 0% used [0x00000000e8800000,0x00000000e8800000,0x00000000e9200000)
 ParOldGen       total 40448K, used 12054K [0x00000000a0000000, 0x00000000a2780000, 0x00000000e0000000)
  object space 40448K, 29% used [0x00000000a0000000,0x00000000a0bc58e8,0x00000000a2780000)
 Metaspace       used 20717K, capacity 21206K, committed 21296K, reserved 1067008K
  class space    used 2987K, capacity 3165K, committed 3200K, reserved 1048576K
}
Event: 11.059 GC heap before
{Heap before GC invocations=9 (full 1):
 PSYoungGen      total 71680K, used 64512K [0x00000000e0000000, 0x00000000e9200000, 0x0000000100000000)
  eden space 64512K, 100% used [0x00000000e0000000,0x00000000e3f00000,0x00000000e3f00000)
  from space 7168K, 0% used [0x00000000e3f00000,0x00000000e3f00000,0x00000000e4600000)
  to   space 10240K, 0% used [0x00000000e8800000,0x00000000e8800000,0x00000000e9200000)
 ParOldGen       total 40448K, used 12054K [0x00000000a0000000, 0x00000000a2780000, 0x00000000e0000000)
  object space 40448K, 29% used [0x00000000a0000000,0x00000000a0bc58e8,0x00000000a2780000)
 Metaspace       used 29064K, capacity 29562K, committed 29696K, reserved 1075200K
  class space    used 3913K, capacity 4069K, committed 4096K, reserved 1048576K
Event: 11.071 GC heap after
Heap after GC invocations=9 (full 1):
 PSYoungGen      total 105472K, used 8027K [0x00000000e0000000, 0x00000000e9000000, 0x0000000100000000)
  eden space 97280K, 0% used [0x00000000e0000000,0x00000000e0000000,0x00000000e5f00000)
  from space 8192K, 97% used [0x00000000e8800000,0x00000000e8fd6c40,0x00000000e9000000)
  to   space 10752K, 0% used [0x00000000e7b00000,0x00000000e7b00000,0x00000000e8580000)
 ParOldGen       total 40448K, used 12062K [0x00000000a0000000, 0x00000000a2780000, 0x00000000e0000000)
  object space 40448K, 29% used [0x00000000a0000000,0x00000000a0bc78e8,0x00000000a2780000)
 Metaspace       used 29064K, capacity 29562K, committed 29696K, reserved 1075200K
  class space    used 3913K, capacity 4069K, committed 4096K, reserved 1048576K
}

