# JRE version: OpenJDK Runtime Environment (8.0_212-b04) (build 1.8.0_212-release-1586-b04)
# Java VM: OpenJDK 64-Bit Server VM (25.212-b04 mixed mode windows-amd64 compressed oops)
Heap:
 PSYoungGen      total 206336K, used 73751K [0x00000000e0000000, 0x00000000f0e00000, 0x0000000100000000)
  eden space 176640K, 24% used [0x00000000e0000000,0x00000000e2b083d0,0x00000000eac80000)
  from space 29696K, 99% used [0x00000000ef100000,0x00000000f0dfdab0,0x00000000f0e00000)
  to   space 36864K, 0% used [0x00000000ec600000,0x00000000ec600000,0x00000000eea00000)
 ParOldGen       total 91648K, used 44134K [0x00000000a0000000, 0x00000000a5980000, 0x00000000e0000000)
  object space 91648K, 48% used [0x00000000a0000000,0x00000000a2b19b78,0x00000000a5980000)
 Metaspace       used 82156K, capacity 85400K, committed 85592K, reserved 1124352K
  class space    used 10912K, capacity 11573K, committed 11608K, reserved 1048576K
GC Heap History (10 events):
Event: 21.853 GC heap before
{Heap before GC invocations=15 (full 2):
 PSYoungGen      total 161280K, used 29486K [0x00000000e0000000, 0x00000000eba00000, 0x0000000100000000)
  eden space 145408K, 9% used [0x00000000e0000000,0x00000000e0d50010,0x00000000e8e00000)
  from space 15872K, 99% used [0x00000000ea180000,0x00000000eb0fbb58,0x00000000eb100000)
  to   space 19968K, 0% used [0x00000000e8e00000,0x00000000e8e00000,0x00000000ea180000)
 ParOldGen       total 61952K, used 23443K [0x00000000a0000000, 0x00000000a3c80000, 0x00000000e0000000)
  object space 61952K, 37% used [0x00000000a0000000,0x00000000a16e4c08,0x00000000a3c80000)
 Metaspace       used 57252K, capacity 59048K, committed 59096K, reserved 1099776K
  class space    used 7933K, capacity 8363K, committed 8408K, reserved 1048576K
Event: 21.873 GC heap after
Heap after GC invocations=15 (full 2):
 PSYoungGen      total 165376K, used 15265K [0x00000000e0000000, 0x00000000ee400000, 0x0000000100000000)
  eden space 145408K, 0% used [0x00000000e0000000,0x00000000e0000000,0x00000000e8e00000)
  from space 19968K, 76% used [0x00000000e8e00000,0x00000000e9ce8698,0x00000000ea180000)
  to   space 21504K, 0% used [0x00000000ecf00000,0x00000000ecf00000,0x00000000ee400000)
 ParOldGen       total 61952K, used 23451K [0x00000000a0000000, 0x00000000a3c80000, 0x00000000e0000000)
  object space 61952K, 37% used [0x00000000a0000000,0x00000000a16e6c08,0x00000000a3c80000)
 Metaspace       used 57252K, capacity 59048K, committed 59096K, reserved 1099776K
  class space    used 7933K, capacity 8363K, committed 8408K, reserved 1048576K
}
Event: 21.873 GC heap before
{Heap before GC invocations=16 (full 3):
 PSYoungGen      total 165376K, used 15265K [0x00000000e0000000, 0x00000000ee400000, 0x0000000100000000)
  eden space 145408K, 0% used [0x00000000e0000000,0x00000000e0000000,0x00000000e8e00000)
  from space 19968K, 76% used [0x00000000e8e00000,0x00000000e9ce8698,0x00000000ea180000)
  to   space 21504K, 0% used [0x00000000ecf00000,0x00000000ecf00000,0x00000000ee400000)
 ParOldGen       total 61952K, used 23451K [0x00000000a0000000, 0x00000000a3c80000, 0x00000000e0000000)
  object space 61952K, 37% used [0x00000000a0000000,0x00000000a16e6c08,0x00000000a3c80000)
 Metaspace       used 57252K, capacity 59048K, committed 59096K, reserved 1099776K
  class space    used 7933K, capacity 8363K, committed 8408K, reserved 1048576K
Event: 22.093 GC heap after
Heap after GC invocations=16 (full 3):
 PSYoungGen      total 165376K, used 0K [0x00000000e0000000, 0x00000000ee400000, 0x0000000100000000)
  eden space 145408K, 0% used [0x00000000e0000000,0x00000000e0000000,0x00000000e8e00000)
  from space 19968K, 0% used [0x00000000e8e00000,0x00000000e8e00000,0x00000000ea180000)
  to   space 21504K, 0% used [0x00000000ecf00000,0x00000000ecf00000,0x00000000ee400000)
 ParOldGen       total 91648K, used 29235K [0x00000000a0000000, 0x00000000a5980000, 0x00000000e0000000)
  object space 91648K, 31% used [0x00000000a0000000,0x00000000a1c8ce28,0x00000000a5980000)
 Metaspace       used 57252K, capacity 59048K, committed 59096K, reserved 1099776K
  class space    used 7933K, capacity 8363K, committed 8408K, reserved 1048576K
}
Event: 28.134 GC heap before
{Heap before GC invocations=17 (full 3):
 PSYoungGen      total 165376K, used 145408K [0x00000000e0000000, 0x00000000ee400000, 0x0000000100000000)
  eden space 145408K, 100% used [0x00000000e0000000,0x00000000e8e00000,0x00000000e8e00000)
  from space 19968K, 0% used [0x00000000e8e00000,0x00000000e8e00000,0x00000000ea180000)
  to   space 21504K, 0% used [0x00000000ecf00000,0x00000000ecf00000,0x00000000ee400000)
 ParOldGen       total 91648K, used 29235K [0x00000000a0000000, 0x00000000a5980000, 0x00000000e0000000)
  object space 91648K, 31% used [0x00000000a0000000,0x00000000a1c8ce28,0x00000000a5980000)
 Metaspace       used 62917K, capacity 64990K, committed 65240K, reserved 1105920K
  class space    used 8578K, capacity 9070K, committed 9176K, reserved 1048576K
Event: 28.156 GC heap after
Heap after GC invocations=17 (full 3):
 PSYoungGen      total 198144K, used 17189K [0x00000000e0000000, 0x00000000ee000000, 0x0000000100000000)
  eden space 180736K, 0% used [0x00000000e0000000,0x00000000e0000000,0x00000000eb080000)
  from space 17408K, 98% used [0x00000000ecf00000,0x00000000edfc97e0,0x00000000ee000000)
  to   space 23040K, 0% used [0x00000000eb300000,0x00000000eb300000,0x00000000ec980000)
 ParOldGen       total 91648K, used 29243K [0x00000000a0000000, 0x00000000a5980000, 0x00000000e0000000)
  object space 91648K, 31% used [0x00000000a0000000,0x00000000a1c8ee28,0x00000000a5980000)
 Metaspace       used 62917K, capacity 64990K, committed 65240K, reserved 1105920K
  class space    used 8578K, capacity 9070K, committed 9176K, reserved 1048576K
}
Event: 355.701 GC heap before
{Heap before GC invocations=18 (full 3):
 PSYoungGen      total 198144K, used 197925K [0x00000000e0000000, 0x00000000ee000000, 0x0000000100000000)
  eden space 180736K, 100% used [0x00000000e0000000,0x00000000eb080000,0x00000000eb080000)
  from space 17408K, 98% used [0x00000000ecf00000,0x00000000edfc97e0,0x00000000ee000000)
  to   space 23040K, 0% used [0x00000000eb300000,0x00000000eb300000,0x00000000ec980000)
 ParOldGen       total 91648K, used 29243K [0x00000000a0000000, 0x00000000a5980000, 0x00000000e0000000)
  object space 91648K, 31% used [0x00000000a0000000,0x00000000a1c8ee28,0x00000000a5980000)
 Metaspace       used 68735K, capacity 70980K, committed 71256K, reserved 1112064K
  class space    used 8947K, capacity 9473K, committed 9560K, reserved 1048576K
Event: 355.752 GC heap after
Heap after GC invocations=18 (full 3):
 PSYoungGen      total 206336K, used 23021K [0x00000000e0000000, 0x00000000f0e00000, 0x0000000100000000)
  eden space 183296K, 0% used [0x00000000e0000000,0x00000000e0000000,0x00000000eb300000)
  from space 23040K, 99% used [0x00000000eb300000,0x00000000ec97b430,0x00000000ec980000)
  to   space 29696K, 0% used [0x00000000ef100000,0x00000000ef100000,0x00000000f0e00000)
 ParOldGen       total 91648K, used 36665K [0x00000000a0000000, 0x00000000a5980000, 0x00000000e0000000)
  object space 91648K, 40% used [0x00000000a0000000,0x00000000a23ce7d8,0x00000000a5980000)
 Metaspace       used 68735K, capacity 70980K, committed 71256K, reserved 1112064K
  class space    used 8947K, capacity 9473K, committed 9560K, reserved 1048576K
}
Event: 456.410 GC heap before
{Heap before GC invocations=19 (full 3):
 PSYoungGen      total 206336K, used 206317K [0x00000000e0000000, 0x00000000f0e00000, 0x0000000100000000)
  eden space 183296K, 100% used [0x00000000e0000000,0x00000000eb300000,0x00000000eb300000)
  from space 23040K, 99% used [0x00000000eb300000,0x00000000ec97b430,0x00000000ec980000)
  to   space 29696K, 0% used [0x00000000ef100000,0x00000000ef100000,0x00000000f0e00000)
 ParOldGen       total 91648K, used 36665K [0x00000000a0000000, 0x00000000a5980000, 0x00000000e0000000)
  object space 91648K, 40% used [0x00000000a0000000,0x00000000a23ce7d8,0x00000000a5980000)
 Metaspace       used 79734K, capacity 82752K, committed 82904K, reserved 1120256K
  class space    used 10546K, capacity 11175K, committed 11224K, reserved 1048576K
Event: 456.460 GC heap after
Heap after GC invocations=19 (full 3):
 PSYoungGen      total 206336K, used 29686K [0x00000000e0000000, 0x00000000f0e00000, 0x0000000100000000)
  eden space 176640K, 0% used [0x00000000e0000000,0x00000000e0000000,0x00000000eac80000)
  from space 29696K, 99% used [0x00000000ef100000,0x00000000f0dfdab0,0x00000000f0e00000)
  to   space 36864K, 0% used [0x00000000ec600000,0x00000000ec600000,0x00000000eea00000)
 ParOldGen       total 91648K, used 44134K [0x00000000a0000000, 0x00000000a5980000, 0x00000000e0000000)
  object space 91648K, 48% used [0x00000000a0000000,0x00000000a2b19b78,0x00000000a5980000)
 Metaspace       used 79734K, capacity 82752K, committed 82904K, reserved 1120256K
  class space    used 10546K, capacity 11175K, committed 11224K, reserved 1048576K
}

