# JRE version: OpenJDK Runtime Environment (8.0_212-b04) (build 1.8.0_212-release-1586-b04)
# Java VM: OpenJDK 64-Bit Server VM (25.212-b04 mixed mode windows-amd64 compressed oops)
Heap:
 PSYoungGen      total 394240K, used 225419K [0x00000000e0000000, 0x00000000fa180000, 0x0000000100000000)
  eden space 366080K, 60% used [0x00000000e0000000,0x00000000ed812430,0x00000000f6580000)
  from space 28160K, 14% used [0x00000000f8600000,0x00000000f8a10988,0x00000000fa180000)
  to   space 30720K, 0% used [0x00000000f6580000,0x00000000f6580000,0x00000000f8380000)
 ParOldGen       total 98816K, used 80610K [0x00000000a0000000, 0x00000000a6080000, 0x00000000e0000000)
  object space 98816K, 81% used [0x00000000a0000000,0x00000000a4eb8a08,0x00000000a6080000)
 Metaspace       used 90379K, capacity 94858K, committed 95000K, reserved 1132544K
  class space    used 11679K, capacity 12506K, committed 12568K, reserved 1048576K
GC Heap History (10 events):
Event: 12585.299 GC heap before
{Heap before GC invocations=33 (full 3):
 PSYoungGen      total 229888K, used 214593K [0x00000000e0000000, 0x00000000f3100000, 0x0000000100000000)
  eden space 198144K, 100% used [0x00000000e0000000,0x00000000ec180000,0x00000000ec180000)
  from space 31744K, 51% used [0x00000000ec180000,0x00000000ed1907d0,0x00000000ee080000)
  to   space 30720K, 0% used [0x00000000f1300000,0x00000000f1300000,0x00000000f3100000)
 ParOldGen       total 98816K, used 66745K [0x00000000a0000000, 0x00000000a6080000, 0x00000000e0000000)
  object space 98816K, 67% used [0x00000000a0000000,0x00000000a412e778,0x00000000a6080000)
 Metaspace       used 90244K, capacity 94750K, committed 95000K, reserved 1132544K
  class space    used 11674K, capacity 12502K, committed 12568K, reserved 1048576K
Event: 12585.318 GC heap after
Heap after GC invocations=33 (full 3):
 PSYoungGen      total 278528K, used 6864K [0x00000000e0000000, 0x00000000f2f80000, 0x0000000100000000)
  eden space 249344K, 0% used [0x00000000e0000000,0x00000000e0000000,0x00000000ef380000)
  from space 29184K, 23% used [0x00000000f1300000,0x00000000f19b4110,0x00000000f2f80000)
  to   space 30720K, 0% used [0x00000000ef380000,0x00000000ef380000,0x00000000f1180000)
 ParOldGen       total 98816K, used 72612K [0x00000000a0000000, 0x00000000a6080000, 0x00000000e0000000)
  object space 98816K, 73% used [0x00000000a0000000,0x00000000a46e9338,0x00000000a6080000)
 Metaspace       used 90244K, capacity 94750K, committed 95000K, reserved 1132544K
  class space    used 11674K, capacity 12502K, committed 12568K, reserved 1048576K
}
Event: 12586.556 GC heap before
{Heap before GC invocations=34 (full 3):
 PSYoungGen      total 278528K, used 256208K [0x00000000e0000000, 0x00000000f2f80000, 0x0000000100000000)
  eden space 249344K, 100% used [0x00000000e0000000,0x00000000ef380000,0x00000000ef380000)
  from space 29184K, 23% used [0x00000000f1300000,0x00000000f19b4110,0x00000000f2f80000)
  to   space 30720K, 0% used [0x00000000ef380000,0x00000000ef380000,0x00000000f1180000)
 ParOldGen       total 98816K, used 72612K [0x00000000a0000000, 0x00000000a6080000, 0x00000000e0000000)
  object space 98816K, 73% used [0x00000000a0000000,0x00000000a46e9338,0x00000000a6080000)
 Metaspace       used 90270K, capacity 94756K, committed 95000K, reserved 1132544K
  class space    used 11675K, capacity 12503K, committed 12568K, reserved 1048576K
Event: 12586.579 GC heap after
Heap after GC invocations=34 (full 3):
 PSYoungGen      total 280064K, used 9368K [0x00000000e0000000, 0x00000000f6c00000, 0x0000000100000000)
  eden space 249344K, 0% used [0x00000000e0000000,0x00000000e0000000,0x00000000ef380000)
  from space 30720K, 30% used [0x00000000ef380000,0x00000000efca6270,0x00000000f1180000)
  to   space 30720K, 0% used [0x00000000f4e00000,0x00000000f4e00000,0x00000000f6c00000)
 ParOldGen       total 98816K, used 73276K [0x00000000a0000000, 0x00000000a6080000, 0x00000000e0000000)
  object space 98816K, 74% used [0x00000000a0000000,0x00000000a478f348,0x00000000a6080000)
 Metaspace       used 90270K, capacity 94756K, committed 95000K, reserved 1132544K
  class space    used 11675K, capacity 12503K, committed 12568K, reserved 1048576K
}
Event: 12588.141 GC heap before
{Heap before GC invocations=35 (full 3):
 PSYoungGen      total 280064K, used 258712K [0x00000000e0000000, 0x00000000f6c00000, 0x0000000100000000)
  eden space 249344K, 100% used [0x00000000e0000000,0x00000000ef380000,0x00000000ef380000)
  from space 30720K, 30% used [0x00000000ef380000,0x00000000efca6270,0x00000000f1180000)
  to   space 30720K, 0% used [0x00000000f4e00000,0x00000000f4e00000,0x00000000f6c00000)
 ParOldGen       total 98816K, used 73276K [0x00000000a0000000, 0x00000000a6080000, 0x00000000e0000000)
  object space 98816K, 74% used [0x00000000a0000000,0x00000000a478f348,0x00000000a6080000)
 Metaspace       used 90292K, capacity 94760K, committed 95000K, reserved 1132544K
  class space    used 11675K, capacity 12503K, committed 12568K, reserved 1048576K
Event: 12588.153 GC heap after
Heap after GC invocations=35 (full 3):
 PSYoungGen      total 336896K, used 5665K [0x00000000e0000000, 0x00000000f6980000, 0x0000000100000000)
  eden space 308736K, 0% used [0x00000000e0000000,0x00000000e0000000,0x00000000f2d80000)
  from space 28160K, 20% used [0x00000000f4e00000,0x00000000f53885c0,0x00000000f6980000)
  to   space 30720K, 0% used [0x00000000f2d80000,0x00000000f2d80000,0x00000000f4b80000)
 ParOldGen       total 98816K, used 77402K [0x00000000a0000000, 0x00000000a6080000, 0x00000000e0000000)
  object space 98816K, 78% used [0x00000000a0000000,0x00000000a4b96918,0x00000000a6080000)
 Metaspace       used 90292K, capacity 94760K, committed 95000K, reserved 1132544K
  class space    used 11675K, capacity 12503K, committed 12568K, reserved 1048576K
}
Event: 12592.137 GC heap before
{Heap before GC invocations=36 (full 3):
 PSYoungGen      total 336896K, used 314401K [0x00000000e0000000, 0x00000000f6980000, 0x0000000100000000)
  eden space 308736K, 100% used [0x00000000e0000000,0x00000000f2d80000,0x00000000f2d80000)
  from space 28160K, 20% used [0x00000000f4e00000,0x00000000f53885c0,0x00000000f6980000)
  to   space 30720K, 0% used [0x00000000f2d80000,0x00000000f2d80000,0x00000000f4b80000)
 ParOldGen       total 98816K, used 77402K [0x00000000a0000000, 0x00000000a6080000, 0x00000000e0000000)
  object space 98816K, 78% used [0x00000000a0000000,0x00000000a4b96918,0x00000000a6080000)
 Metaspace       used 90343K, capacity 94842K, committed 95000K, reserved 1132544K
  class space    used 11678K, capacity 12504K, committed 12568K, reserved 1048576K
Event: 12592.239 GC heap after
Heap after GC invocations=36 (full 3):
 PSYoungGen      total 339456K, used 2215K [0x00000000e0000000, 0x00000000fa480000, 0x0000000100000000)
  eden space 308736K, 0% used [0x00000000e0000000,0x00000000e0000000,0x00000000f2d80000)
  from space 30720K, 7% used [0x00000000f2d80000,0x00000000f2fa9fd8,0x00000000f4b80000)
  to   space 31232K, 0% used [0x00000000f8600000,0x00000000f8600000,0x00000000fa480000)
 ParOldGen       total 98816K, used 79043K [0x00000000a0000000, 0x00000000a6080000, 0x00000000e0000000)
  object space 98816K, 79% used [0x00000000a0000000,0x00000000a4d30cc8,0x00000000a6080000)
 Metaspace       used 90343K, capacity 94842K, committed 95000K, reserved 1132544K
  class space    used 11678K, capacity 12504K, committed 12568K, reserved 1048576K
}
Event: 12599.620 GC heap before
{Heap before GC invocations=37 (full 3):
 PSYoungGen      total 339456K, used 310951K [0x00000000e0000000, 0x00000000fa480000, 0x0000000100000000)
  eden space 308736K, 100% used [0x00000000e0000000,0x00000000f2d80000,0x00000000f2d80000)
  from space 30720K, 7% used [0x00000000f2d80000,0x00000000f2fa9fd8,0x00000000f4b80000)
  to   space 31232K, 0% used [0x00000000f8600000,0x00000000f8600000,0x00000000fa480000)
 ParOldGen       total 98816K, used 79043K [0x00000000a0000000, 0x00000000a6080000, 0x00000000e0000000)
  object space 98816K, 79% used [0x00000000a0000000,0x00000000a4d30cc8,0x00000000a6080000)
 Metaspace       used 90372K, capacity 94852K, committed 95000K, reserved 1132544K
  class space    used 11679K, capacity 12505K, committed 12568K, reserved 1048576K
Event: 12599.751 GC heap after
Heap after GC invocations=37 (full 3):
 PSYoungGen      total 394240K, used 4162K [0x00000000e0000000, 0x00000000fa180000, 0x0000000100000000)
  eden space 366080K, 0% used [0x00000000e0000000,0x00000000e0000000,0x00000000f6580000)
  from space 28160K, 14% used [0x00000000f8600000,0x00000000f8a10988,0x00000000fa180000)
  to   space 30720K, 0% used [0x00000000f6580000,0x00000000f6580000,0x00000000f8380000)
 ParOldGen       total 98816K, used 80610K [0x00000000a0000000, 0x00000000a6080000, 0x00000000e0000000)
  object space 98816K, 81% used [0x00000000a0000000,0x00000000a4eb8a08,0x00000000a6080000)
 Metaspace       used 90372K, capacity 94852K, committed 95000K, reserved 1132544K
  class space    used 11679K, capacity 12505K, committed 12568K, reserved 1048576K
}

