# JRE version: OpenJDK Runtime Environment (8.0_212-b04) (build 1.8.0_212-release-1586-b04)
# Java VM: OpenJDK 64-Bit Server VM (25.212-b04 mixed mode windows-amd64 compressed oops)
Heap:
 PSYoungGen      total 162304K, used 117289K [0x00000000e0000000, 0x00000000ed880000, 0x0000000100000000)
  eden space 142336K, 82% used [0x00000000e0000000,0x00000000e728a420,0x00000000e8b00000)
  from space 19968K, 0% used [0x00000000e8b00000,0x00000000e8b00000,0x00000000e9e80000)
  to   space 21504K, 0% used [0x00000000ec380000,0x00000000ec380000,0x00000000ed880000)
 ParOldGen       total 95744K, used 29298K [0x00000000a0000000, 0x00000000a5d80000, 0x00000000e0000000)
  object space 95744K, 30% used [0x00000000a0000000,0x00000000a1c9cb78,0x00000000a5d80000)
 Metaspace       used 59220K, capacity 61310K, committed 61400K, reserved 1101824K
  class space    used 8158K, capacity 8656K, committed 8704K, reserved 1048576K
GC Heap History (10 events):
Event: 16.229 GC heap before
{Heap before GC invocations=12 (full 2):
 PSYoungGen      total 126976K, used 3584K [0x00000000e0000000, 0x00000000e9780000, 0x0000000100000000)
  eden space 123392K, 0% used [0x00000000e0000000,0x00000000e0000000,0x00000000e7880000)
  from space 3584K, 100% used [0x00000000e8500000,0x00000000e8880000,0x00000000e8880000)
  to   space 12800K, 0% used [0x00000000e7880000,0x00000000e7880000,0x00000000e8500000)
 ParOldGen       total 43008K, used 17091K [0x00000000a0000000, 0x00000000a2a00000, 0x00000000e0000000)
  object space 43008K, 39% used [0x00000000a0000000,0x00000000a10b0fd0,0x00000000a2a00000)
 Metaspace       used 34664K, capacity 35446K, committed 35456K, reserved 1079296K
  class space    used 4759K, capacity 4992K, committed 4992K, reserved 1048576K
Event: 16.326 GC heap after
Heap after GC invocations=12 (full 2):
 PSYoungGen      total 126976K, used 0K [0x00000000e0000000, 0x00000000e9780000, 0x0000000100000000)
  eden space 123392K, 0% used [0x00000000e0000000,0x00000000e0000000,0x00000000e7880000)
  from space 3584K, 0% used [0x00000000e8500000,0x00000000e8500000,0x00000000e8880000)
  to   space 12800K, 0% used [0x00000000e7880000,0x00000000e7880000,0x00000000e8500000)
 ParOldGen       total 65024K, used 15453K [0x00000000a0000000, 0x00000000a3f80000, 0x00000000e0000000)
  object space 65024K, 23% used [0x00000000a0000000,0x00000000a0f17618,0x00000000a3f80000)
 Metaspace       used 34661K, capacity 35434K, committed 35456K, reserved 1079296K
  class space    used 4758K, capacity 4990K, committed 4992K, reserved 1048576K
}
Event: 23.962 GC heap before
{Heap before GC invocations=13 (full 2):
 PSYoungGen      total 126976K, used 123392K [0x00000000e0000000, 0x00000000e9780000, 0x0000000100000000)
  eden space 123392K, 100% used [0x00000000e0000000,0x00000000e7880000,0x00000000e7880000)
  from space 3584K, 0% used [0x00000000e8500000,0x00000000e8500000,0x00000000e8880000)
  to   space 12800K, 0% used [0x00000000e7880000,0x00000000e7880000,0x00000000e8500000)
 ParOldGen       total 65024K, used 15453K [0x00000000a0000000, 0x00000000a3f80000, 0x00000000e0000000)
  object space 65024K, 23% used [0x00000000a0000000,0x00000000a0f17618,0x00000000a3f80000)
 Metaspace       used 47692K, capacity 48836K, committed 49024K, reserved 1091584K
  class space    used 6375K, capacity 6709K, committed 6784K, reserved 1048576K
Event: 23.979 GC heap after
Heap after GC invocations=13 (full 2):
 PSYoungGen      total 136192K, used 12793K [0x00000000e0000000, 0x00000000eae00000, 0x0000000100000000)
  eden space 123392K, 0% used [0x00000000e0000000,0x00000000e0000000,0x00000000e7880000)
  from space 12800K, 99% used [0x00000000e7880000,0x00000000e84fe588,0x00000000e8500000)
  to   space 15872K, 0% used [0x00000000e9e80000,0x00000000e9e80000,0x00000000eae00000)
 ParOldGen       total 65024K, used 18904K [0x00000000a0000000, 0x00000000a3f80000, 0x00000000e0000000)
  object space 65024K, 29% used [0x00000000a0000000,0x00000000a1276138,0x00000000a3f80000)
 Metaspace       used 47692K, capacity 48836K, committed 49024K, reserved 1091584K
  class space    used 6375K, capacity 6709K, committed 6784K, reserved 1048576K
}
Event: 32.478 GC heap before
{Heap before GC invocations=14 (full 2):
 PSYoungGen      total 136192K, used 136185K [0x00000000e0000000, 0x00000000eae00000, 0x0000000100000000)
  eden space 123392K, 100% used [0x00000000e0000000,0x00000000e7880000,0x00000000e7880000)
  from space 12800K, 99% used [0x00000000e7880000,0x00000000e84fe588,0x00000000e8500000)
  to   space 15872K, 0% used [0x00000000e9e80000,0x00000000e9e80000,0x00000000eae00000)
 ParOldGen       total 65024K, used 18904K [0x00000000a0000000, 0x00000000a3f80000, 0x00000000e0000000)
  object space 65024K, 29% used [0x00000000a0000000,0x00000000a1276138,0x00000000a3f80000)
 Metaspace       used 56757K, capacity 58500K, committed 58880K, reserved 1099776K
  class space    used 7857K, capacity 8321K, committed 8448K, reserved 1048576K
Event: 32.508 GC heap after
Heap after GC invocations=14 (full 2):
 PSYoungGen      total 158208K, used 15852K [0x00000000e0000000, 0x00000000eb480000, 0x0000000100000000)
  eden space 142336K, 0% used [0x00000000e0000000,0x00000000e0000000,0x00000000e8b00000)
  from space 15872K, 99% used [0x00000000e9e80000,0x00000000eadfb018,0x00000000eae00000)
  to   space 19968K, 0% used [0x00000000e8b00000,0x00000000e8b00000,0x00000000e9e80000)
 ParOldGen       total 65024K, used 24129K [0x00000000a0000000, 0x00000000a3f80000, 0x00000000e0000000)
  object space 65024K, 37% used [0x00000000a0000000,0x00000000a17905e0,0x00000000a3f80000)
 Metaspace       used 56757K, capacity 58500K, committed 58880K, reserved 1099776K
  class space    used 7857K, capacity 8321K, committed 8448K, reserved 1048576K
}
Event: 33.295 GC heap before
{Heap before GC invocations=15 (full 2):
 PSYoungGen      total 158208K, used 26291K [0x00000000e0000000, 0x00000000eb480000, 0x0000000100000000)
  eden space 142336K, 7% used [0x00000000e0000000,0x00000000e0a31cf8,0x00000000e8b00000)
  from space 15872K, 99% used [0x00000000e9e80000,0x00000000eadfb018,0x00000000eae00000)
  to   space 19968K, 0% used [0x00000000e8b00000,0x00000000e8b00000,0x00000000e9e80000)
 ParOldGen       total 65024K, used 24129K [0x00000000a0000000, 0x00000000a3f80000, 0x00000000e0000000)
  object space 65024K, 37% used [0x00000000a0000000,0x00000000a17905e0,0x00000000a3f80000)
 Metaspace       used 57300K, capacity 59034K, committed 59096K, reserved 1099776K
  class space    used 7945K, capacity 8404K, committed 8448K, reserved 1048576K
Event: 33.315 GC heap after
Heap after GC invocations=15 (full 2):
 PSYoungGen      total 162304K, used 15313K [0x00000000e0000000, 0x00000000ed880000, 0x0000000100000000)
  eden space 142336K, 0% used [0x00000000e0000000,0x00000000e0000000,0x00000000e8b00000)
  from space 19968K, 76% used [0x00000000e8b00000,0x00000000e99f46b8,0x00000000e9e80000)
  to   space 21504K, 0% used [0x00000000ec380000,0x00000000ec380000,0x00000000ed880000)
 ParOldGen       total 65024K, used 24137K [0x00000000a0000000, 0x00000000a3f80000, 0x00000000e0000000)
  object space 65024K, 37% used [0x00000000a0000000,0x00000000a17925e0,0x00000000a3f80000)
 Metaspace       used 57300K, capacity 59034K, committed 59096K, reserved 1099776K
  class space    used 7945K, capacity 8404K, committed 8448K, reserved 1048576K
}
Event: 33.315 GC heap before
{Heap before GC invocations=16 (full 3):
 PSYoungGen      total 162304K, used 15313K [0x00000000e0000000, 0x00000000ed880000, 0x0000000100000000)
  eden space 142336K, 0% used [0x00000000e0000000,0x00000000e0000000,0x00000000e8b00000)
  from space 19968K, 76% used [0x00000000e8b00000,0x00000000e99f46b8,0x00000000e9e80000)
  to   space 21504K, 0% used [0x00000000ec380000,0x00000000ec380000,0x00000000ed880000)
 ParOldGen       total 65024K, used 24137K [0x00000000a0000000, 0x00000000a3f80000, 0x00000000e0000000)
  object space 65024K, 37% used [0x00000000a0000000,0x00000000a17925e0,0x00000000a3f80000)
 Metaspace       used 57300K, capacity 59034K, committed 59096K, reserved 1099776K
  class space    used 7945K, capacity 8404K, committed 8448K, reserved 1048576K
Event: 33.562 GC heap after
Heap after GC invocations=16 (full 3):
 PSYoungGen      total 162304K, used 0K [0x00000000e0000000, 0x00000000ed880000, 0x0000000100000000)
  eden space 142336K, 0% used [0x00000000e0000000,0x00000000e0000000,0x00000000e8b00000)
  from space 19968K, 0% used [0x00000000e8b00000,0x00000000e8b00000,0x00000000e9e80000)
  to   space 21504K, 0% used [0x00000000ec380000,0x00000000ec380000,0x00000000ed880000)
 ParOldGen       total 95744K, used 29298K [0x00000000a0000000, 0x00000000a5d80000, 0x00000000e0000000)
  object space 95744K, 30% used [0x00000000a0000000,0x00000000a1c9cb78,0x00000000a5d80000)
 Metaspace       used 57300K, capacity 59034K, committed 59096K, reserved 1099776K
  class space    used 7945K, capacity 8404K, committed 8448K, reserved 1048576K
}

