# JRE version: OpenJDK Runtime Environment (8.0_212-b04) (build 1.8.0_212-release-1586-b04)
# Java VM: OpenJDK 64-Bit Server VM (25.212-b04 mixed mode windows-amd64 compressed oops)
Heap:
 PSYoungGen      total 138752K, used 137722K [0x00000000e0000000, 0x00000000eb980000, 0x0000000100000000)
  eden space 125952K, 99% used [0x00000000e0000000,0x00000000e79ffde0,0x00000000e7b00000)
  from space 12800K, 99% used [0x00000000e7b00000,0x00000000e877ec08,0x00000000e8780000)
  to   space 15872K, 0% used [0x00000000eaa00000,0x00000000eaa00000,0x00000000eb980000)
 ParOldGen       total 55808K, used 18218K [0x00000000a0000000, 0x00000000a3680000, 0x00000000e0000000)
  object space 55808K, 32% used [0x00000000a0000000,0x00000000a11ca9f8,0x00000000a3680000)
 Metaspace       used 55960K, capacity 57808K, committed 57856K, reserved 1099776K
  class space    used 7687K, capacity 8155K, committed 8192K, reserved 1048576K
GC Heap History (10 events):
Event: 5.697 GC heap before
{Heap before GC invocations=9 (full 1):
 PSYoungGen      total 71680K, used 64512K [0x00000000e0000000, 0x00000000e9200000, 0x0000000100000000)
  eden space 64512K, 100% used [0x00000000e0000000,0x00000000e3f00000,0x00000000e3f00000)
  from space 7168K, 0% used [0x00000000e3f00000,0x00000000e3f00000,0x00000000e4600000)
  to   space 10240K, 0% used [0x00000000e8800000,0x00000000e8800000,0x00000000e9200000)
 ParOldGen       total 40448K, used 12056K [0x00000000a0000000, 0x00000000a2780000, 0x00000000e0000000)
  object space 40448K, 29% used [0x00000000a0000000,0x00000000a0bc63d8,0x00000000a2780000)
 Metaspace       used 29050K, capacity 29594K, committed 29824K, reserved 1075200K
  class space    used 3907K, capacity 4101K, committed 4224K, reserved 1048576K
Event: 5.706 GC heap after
Heap after GC invocations=9 (full 1):
 PSYoungGen      total 106496K, used 7988K [0x00000000e0000000, 0x00000000e9000000, 0x0000000100000000)
  eden space 98304K, 0% used [0x00000000e0000000,0x00000000e0000000,0x00000000e6000000)
  from space 8192K, 97% used [0x00000000e8800000,0x00000000e8fcd0e0,0x00000000e9000000)
  to   space 10752K, 0% used [0x00000000e7b00000,0x00000000e7b00000,0x00000000e8580000)
 ParOldGen       total 40448K, used 12064K [0x00000000a0000000, 0x00000000a2780000, 0x00000000e0000000)
  object space 40448K, 29% used [0x00000000a0000000,0x00000000a0bc83d8,0x00000000a2780000)
 Metaspace       used 29050K, capacity 29594K, committed 29824K, reserved 1075200K
  class space    used 3907K, capacity 4101K, committed 4224K, reserved 1048576K
}
Event: 11.796 GC heap before
{Heap before GC invocations=10 (full 1):
 PSYoungGen      total 106496K, used 106292K [0x00000000e0000000, 0x00000000e9000000, 0x0000000100000000)
  eden space 98304K, 100% used [0x00000000e0000000,0x00000000e6000000,0x00000000e6000000)
  from space 8192K, 97% used [0x00000000e8800000,0x00000000e8fcd0e0,0x00000000e9000000)
  to   space 10752K, 0% used [0x00000000e7b00000,0x00000000e7b00000,0x00000000e8580000)
 ParOldGen       total 40448K, used 12064K [0x00000000a0000000, 0x00000000a2780000, 0x00000000e0000000)
  object space 40448K, 29% used [0x00000000a0000000,0x00000000a0bc83d8,0x00000000a2780000)
 Metaspace       used 33815K, capacity 34522K, committed 34560K, reserved 1079296K
  class space    used 4632K, capacity 4844K, committed 4864K, reserved 1048576K
Event: 11.811 GC heap after
Heap after GC invocations=10 (full 1):
 PSYoungGen      total 136704K, used 10745K [0x00000000e0000000, 0x00000000e9400000, 0x0000000100000000)
  eden space 125952K, 0% used [0x00000000e0000000,0x00000000e0000000,0x00000000e7b00000)
  from space 10752K, 99% used [0x00000000e7b00000,0x00000000e857e608,0x00000000e8580000)
  to   space 12800K, 0% used [0x00000000e8780000,0x00000000e8780000,0x00000000e9400000)
 ParOldGen       total 40448K, used 12325K [0x00000000a0000000, 0x00000000a2780000, 0x00000000e0000000)
  object space 40448K, 30% used [0x00000000a0000000,0x00000000a0c09588,0x00000000a2780000)
 Metaspace       used 33815K, capacity 34522K, committed 34560K, reserved 1079296K
  class space    used 4632K, capacity 4844K, committed 4864K, reserved 1048576K
}
Event: 13.134 GC heap before
{Heap before GC invocations=11 (full 1):
 PSYoungGen      total 136704K, used 40180K [0x00000000e0000000, 0x00000000e9400000, 0x0000000100000000)
  eden space 125952K, 23% used [0x00000000e0000000,0x00000000e1cbeb68,0x00000000e7b00000)
  from space 10752K, 99% used [0x00000000e7b00000,0x00000000e857e608,0x00000000e8580000)
  to   space 12800K, 0% used [0x00000000e8780000,0x00000000e8780000,0x00000000e9400000)
 ParOldGen       total 40448K, used 12325K [0x00000000a0000000, 0x00000000a2780000, 0x00000000e0000000)
  object space 40448K, 30% used [0x00000000a0000000,0x00000000a0c09588,0x00000000a2780000)
 Metaspace       used 34602K, capacity 35374K, committed 35456K, reserved 1079296K
  class space    used 4749K, capacity 4964K, committed 4992K, reserved 1048576K
Event: 13.146 GC heap after
Heap after GC invocations=11 (full 1):
 PSYoungGen      total 138752K, used 8309K [0x00000000e0000000, 0x00000000eb700000, 0x0000000100000000)
  eden space 125952K, 0% used [0x00000000e0000000,0x00000000e0000000,0x00000000e7b00000)
  from space 12800K, 64% used [0x00000000e8780000,0x00000000e8f9d4d8,0x00000000e9400000)
  to   space 12800K, 0% used [0x00000000e7b00000,0x00000000e7b00000,0x00000000e8780000)
 ParOldGen       total 40448K, used 12333K [0x00000000a0000000, 0x00000000a2780000, 0x00000000e0000000)
  object space 40448K, 30% used [0x00000000a0000000,0x00000000a0c0b588,0x00000000a2780000)
 Metaspace       used 34602K, capacity 35374K, committed 35456K, reserved 1079296K
  class space    used 4749K, capacity 4964K, committed 4992K, reserved 1048576K
}
Event: 13.146 GC heap before
{Heap before GC invocations=12 (full 2):
 PSYoungGen      total 138752K, used 8309K [0x00000000e0000000, 0x00000000eb700000, 0x0000000100000000)
  eden space 125952K, 0% used [0x00000000e0000000,0x00000000e0000000,0x00000000e7b00000)
  from space 12800K, 64% used [0x00000000e8780000,0x00000000e8f9d4d8,0x00000000e9400000)
  to   space 12800K, 0% used [0x00000000e7b00000,0x00000000e7b00000,0x00000000e8780000)
 ParOldGen       total 40448K, used 12333K [0x00000000a0000000, 0x00000000a2780000, 0x00000000e0000000)
  object space 40448K, 30% used [0x00000000a0000000,0x00000000a0c0b588,0x00000000a2780000)
 Metaspace       used 34602K, capacity 35374K, committed 35456K, reserved 1079296K
  class space    used 4749K, capacity 4964K, committed 4992K, reserved 1048576K
Event: 13.221 GC heap after
Heap after GC invocations=12 (full 2):
 PSYoungGen      total 138752K, used 0K [0x00000000e0000000, 0x00000000eb700000, 0x0000000100000000)
  eden space 125952K, 0% used [0x00000000e0000000,0x00000000e0000000,0x00000000e7b00000)
  from space 12800K, 0% used [0x00000000e8780000,0x00000000e8780000,0x00000000e9400000)
  to   space 12800K, 0% used [0x00000000e7b00000,0x00000000e7b00000,0x00000000e8780000)
 ParOldGen       total 55808K, used 15145K [0x00000000a0000000, 0x00000000a3680000, 0x00000000e0000000)
  object space 55808K, 27% used [0x00000000a0000000,0x00000000a0eca788,0x00000000a3680000)
 Metaspace       used 34591K, capacity 35338K, committed 35456K, reserved 1079296K
  class space    used 4746K, capacity 4958K, committed 4992K, reserved 1048576K
}
Event: 67.908 GC heap before
{Heap before GC invocations=13 (full 2):
 PSYoungGen      total 138752K, used 125952K [0x00000000e0000000, 0x00000000eb700000, 0x0000000100000000)
  eden space 125952K, 100% used [0x00000000e0000000,0x00000000e7b00000,0x00000000e7b00000)
  from space 12800K, 0% used [0x00000000e8780000,0x00000000e8780000,0x00000000e9400000)
  to   space 12800K, 0% used [0x00000000e7b00000,0x00000000e7b00000,0x00000000e8780000)
 ParOldGen       total 55808K, used 15145K [0x00000000a0000000, 0x00000000a3680000, 0x00000000e0000000)
  object space 55808K, 27% used [0x00000000a0000000,0x00000000a0eca788,0x00000000a3680000)
 Metaspace       used 45553K, capacity 46676K, committed 46976K, reserved 1089536K
  class space    used 6092K, capacity 6402K, committed 6528K, reserved 1048576K
Event: 67.926 GC heap after
Heap after GC invocations=13 (full 2):
 PSYoungGen      total 138752K, used 12795K [0x00000000e0000000, 0x00000000eb980000, 0x0000000100000000)
  eden space 125952K, 0% used [0x00000000e0000000,0x00000000e0000000,0x00000000e7b00000)
  from space 12800K, 99% used [0x00000000e7b00000,0x00000000e877ec08,0x00000000e8780000)
  to   space 15872K, 0% used [0x00000000eaa00000,0x00000000eaa00000,0x00000000eb980000)
 ParOldGen       total 55808K, used 18218K [0x00000000a0000000, 0x00000000a3680000, 0x00000000e0000000)
  object space 55808K, 32% used [0x00000000a0000000,0x00000000a11ca9f8,0x00000000a3680000)
 Metaspace       used 45553K, capacity 46676K, committed 46976K, reserved 1089536K
  class space    used 6092K, capacity 6402K, committed 6528K, reserved 1048576K
}

