# JRE version: OpenJDK Runtime Environment (8.0_212-b04) (build 1.8.0_212-release-1586-b04)
# Java VM: OpenJDK 64-Bit Server VM (25.212-b04 mixed mode windows-amd64 compressed oops)
Heap:
 PSYoungGen      total 185344K, used 122965K [0x00000000e0000000, 0x00000000ee880000, 0x0000000100000000)
  eden space 159232K, 69% used [0x00000000e0000000,0x00000000e6c1c648,0x00000000e9b80000)
  from space 26112K, 48% used [0x00000000e9b80000,0x00000000ea7be4b0,0x00000000eb500000)
  to   space 25088K, 0% used [0x00000000ed000000,0x00000000ed000000,0x00000000ee880000)
 ParOldGen       total 109568K, used 42880K [0x00000000a0000000, 0x00000000a6b00000, 0x00000000e0000000)
  object space 109568K, 39% used [0x00000000a0000000,0x00000000a29e03f8,0x00000000a6b00000)
 Metaspace       used 96852K, capacity 101206K, committed 101376K, reserved 1136640K
  class space    used 12542K, capacity 13491K, committed 13568K, reserved 1048576K
GC Heap History (10 events):
Event: 6226.080 GC heap before
{Heap before GC invocations=23 (full 3):
 PSYoungGen      total 178688K, used 178644K [0x00000000e0000000, 0x00000000ed680000, 0x0000000100000000)
  eden space 164864K, 100% used [0x00000000e0000000,0x00000000ea100000,0x00000000ea100000)
  from space 13824K, 99% used [0x00000000eb680000,0x00000000ec3f50e8,0x00000000ec400000)
  to   space 18944K, 0% used [0x00000000ec400000,0x00000000ec400000,0x00000000ed680000)
 ParOldGen       total 83456K, used 50074K [0x00000000a0000000, 0x00000000a5180000, 0x00000000e0000000)
  object space 83456K, 60% used [0x00000000a0000000,0x00000000a30e6a60,0x00000000a5180000)
 Metaspace       used 88062K, capacity 91886K, committed 92032K, reserved 1128448K
  class space    used 11531K, capacity 12308K, committed 12416K, reserved 1048576K
Event: 6226.981 GC heap after
Heap after GC invocations=23 (full 3):
 PSYoungGen      total 171008K, used 11952K [0x00000000e0000000, 0x00000000ed000000, 0x0000000100000000)
  eden space 158720K, 0% used [0x00000000e0000000,0x00000000e0000000,0x00000000e9b00000)
  from space 12288K, 97% used [0x00000000ec400000,0x00000000ecfac070,0x00000000ed000000)
  to   space 24576K, 0% used [0x00000000ea000000,0x00000000ea000000,0x00000000eb800000)
 ParOldGen       total 83456K, used 50082K [0x00000000a0000000, 0x00000000a5180000, 0x00000000e0000000)
  object space 83456K, 60% used [0x00000000a0000000,0x00000000a30e8a60,0x00000000a5180000)
 Metaspace       used 88062K, capacity 91886K, committed 92032K, reserved 1128448K
  class space    used 11531K, capacity 12308K, committed 12416K, reserved 1048576K
}
Event: 6496.026 GC heap before
{Heap before GC invocations=24 (full 3):
 PSYoungGen      total 171008K, used 170672K [0x00000000e0000000, 0x00000000ed000000, 0x0000000100000000)
  eden space 158720K, 100% used [0x00000000e0000000,0x00000000e9b00000,0x00000000e9b00000)
  from space 12288K, 97% used [0x00000000ec400000,0x00000000ecfac070,0x00000000ed000000)
  to   space 24576K, 0% used [0x00000000ea000000,0x00000000ea000000,0x00000000eb800000)
 ParOldGen       total 83456K, used 50082K [0x00000000a0000000, 0x00000000a5180000, 0x00000000e0000000)
  object space 83456K, 60% used [0x00000000a0000000,0x00000000a30e8a60,0x00000000a5180000)
 Metaspace       used 93419K, capacity 97824K, committed 98048K, reserved 1134592K
  class space    used 12172K, capacity 12993K, committed 13056K, reserved 1048576K
Event: 6496.336 GC heap after
Heap after GC invocations=24 (full 3):
 PSYoungGen      total 174080K, used 21336K [0x00000000e0000000, 0x00000000eca00000, 0x0000000100000000)
  eden space 152576K, 0% used [0x00000000e0000000,0x00000000e0000000,0x00000000e9500000)
  from space 21504K, 99% used [0x00000000ea000000,0x00000000eb4d6020,0x00000000eb500000)
  to   space 21504K, 0% used [0x00000000eb500000,0x00000000eb500000,0x00000000eca00000)
 ParOldGen       total 83456K, used 50090K [0x00000000a0000000, 0x00000000a5180000, 0x00000000e0000000)
  object space 83456K, 60% used [0x00000000a0000000,0x00000000a30eaa60,0x00000000a5180000)
 Metaspace       used 93419K, capacity 97824K, committed 98048K, reserved 1134592K
  class space    used 12172K, capacity 12993K, committed 13056K, reserved 1048576K
}
Event: 6497.528 GC heap before
{Heap before GC invocations=25 (full 3):
 PSYoungGen      total 174080K, used 48756K [0x00000000e0000000, 0x00000000eca00000, 0x0000000100000000)
  eden space 152576K, 17% used [0x00000000e0000000,0x00000000e1ac70a0,0x00000000e9500000)
  from space 21504K, 99% used [0x00000000ea000000,0x00000000eb4d6020,0x00000000eb500000)
  to   space 21504K, 0% used [0x00000000eb500000,0x00000000eb500000,0x00000000eca00000)
 ParOldGen       total 83456K, used 50090K [0x00000000a0000000, 0x00000000a5180000, 0x00000000e0000000)
  object space 83456K, 60% used [0x00000000a0000000,0x00000000a30eaa60,0x00000000a5180000)
 Metaspace       used 94077K, capacity 98396K, committed 98496K, reserved 1134592K
  class space    used 12239K, capacity 13032K, committed 13056K, reserved 1048576K
Event: 6497.589 GC heap after
Heap after GC invocations=25 (full 3):
 PSYoungGen      total 180736K, used 13700K [0x00000000e0000000, 0x00000000ee180000, 0x0000000100000000)
  eden space 159232K, 0% used [0x00000000e0000000,0x00000000e0000000,0x00000000e9b80000)
  from space 21504K, 63% used [0x00000000eb500000,0x00000000ec2610d8,0x00000000eca00000)
  to   space 26112K, 0% used [0x00000000e9b80000,0x00000000e9b80000,0x00000000eb500000)
 ParOldGen       total 83456K, used 50098K [0x00000000a0000000, 0x00000000a5180000, 0x00000000e0000000)
  object space 83456K, 60% used [0x00000000a0000000,0x00000000a30eca60,0x00000000a5180000)
 Metaspace       used 94077K, capacity 98396K, committed 98496K, reserved 1134592K
  class space    used 12239K, capacity 13032K, committed 13056K, reserved 1048576K
}
Event: 6497.589 GC heap before
{Heap before GC invocations=26 (full 4):
 PSYoungGen      total 180736K, used 13700K [0x00000000e0000000, 0x00000000ee180000, 0x0000000100000000)
  eden space 159232K, 0% used [0x00000000e0000000,0x00000000e0000000,0x00000000e9b80000)
  from space 21504K, 63% used [0x00000000eb500000,0x00000000ec2610d8,0x00000000eca00000)
  to   space 26112K, 0% used [0x00000000e9b80000,0x00000000e9b80000,0x00000000eb500000)
 ParOldGen       total 83456K, used 50098K [0x00000000a0000000, 0x00000000a5180000, 0x00000000e0000000)
  object space 83456K, 60% used [0x00000000a0000000,0x00000000a30eca60,0x00000000a5180000)
 Metaspace       used 94077K, capacity 98396K, committed 98496K, reserved 1134592K
  class space    used 12239K, capacity 13032K, committed 13056K, reserved 1048576K
Event: 6498.806 GC heap after
Heap after GC invocations=26 (full 4):
 PSYoungGen      total 180736K, used 0K [0x00000000e0000000, 0x00000000ee180000, 0x0000000100000000)
  eden space 159232K, 0% used [0x00000000e0000000,0x00000000e0000000,0x00000000e9b80000)
  from space 21504K, 0% used [0x00000000eb500000,0x00000000eb500000,0x00000000eca00000)
  to   space 26112K, 0% used [0x00000000e9b80000,0x00000000e9b80000,0x00000000eb500000)
 ParOldGen       total 109568K, used 42872K [0x00000000a0000000, 0x00000000a6b00000, 0x00000000e0000000)
  object space 109568K, 39% used [0x00000000a0000000,0x00000000a29de3f8,0x00000000a6b00000)
 Metaspace       used 93490K, capacity 97136K, committed 98496K, reserved 1134592K
  class space    used 12091K, capacity 12772K, committed 13056K, reserved 1048576K
}
Event: 7785.743 GC heap before
{Heap before GC invocations=27 (full 4):
 PSYoungGen      total 180736K, used 159232K [0x00000000e0000000, 0x00000000ee180000, 0x0000000100000000)
  eden space 159232K, 100% used [0x00000000e0000000,0x00000000e9b80000,0x00000000e9b80000)
  from space 21504K, 0% used [0x00000000eb500000,0x00000000eb500000,0x00000000eca00000)
  to   space 26112K, 0% used [0x00000000e9b80000,0x00000000e9b80000,0x00000000eb500000)
 ParOldGen       total 109568K, used 42872K [0x00000000a0000000, 0x00000000a6b00000, 0x00000000e0000000)
  object space 109568K, 39% used [0x00000000a0000000,0x00000000a29de3f8,0x00000000a6b00000)
 Metaspace       used 96579K, capacity 100786K, committed 101120K, reserved 1136640K
  class space    used 12515K, capacity 13443K, committed 13568K, reserved 1048576K
Event: 7790.634 GC heap after
Heap after GC invocations=27 (full 4):
 PSYoungGen      total 185344K, used 12537K [0x00000000e0000000, 0x00000000ee880000, 0x0000000100000000)
  eden space 159232K, 0% used [0x00000000e0000000,0x00000000e0000000,0x00000000e9b80000)
  from space 26112K, 48% used [0x00000000e9b80000,0x00000000ea7be4b0,0x00000000eb500000)
  to   space 25088K, 0% used [0x00000000ed000000,0x00000000ed000000,0x00000000ee880000)
 ParOldGen       total 109568K, used 42880K [0x00000000a0000000, 0x00000000a6b00000, 0x00000000e0000000)
  object space 109568K, 39% used [0x00000000a0000000,0x00000000a29e03f8,0x00000000a6b00000)
 Metaspace       used 96579K, capacity 100786K, committed 101120K, reserved 1136640K
  class space    used 12515K, capacity 13443K, committed 13568K, reserved 1048576K
}

