# JRE version: OpenJDK Runtime Environment (8.0_212-b04) (build 1.8.0_212-release-1586-b04)
# Java VM: OpenJDK 64-Bit Server VM (25.212-b04 mixed mode windows-amd64 compressed oops)
Heap:
 PSYoungGen      total 94720K, used 12478K [0x00000000e0000000, 0x00000000e6700000, 0x0000000100000000)
  eden space 83968K, 4% used [0x00000000e0000000,0x00000000e035b750,0x00000000e5200000)
  from space 10752K, 84% used [0x00000000e5200000,0x00000000e5ad42f0,0x00000000e5c80000)
  to   space 9216K, 0% used [0x00000000e5e00000,0x00000000e5e00000,0x00000000e6700000)
 ParOldGen       total 52736K, used 22896K [0x00000000a0000000, 0x00000000a3380000, 0x00000000e0000000)
  object space 52736K, 43% used [0x00000000a0000000,0x00000000a165c138,0x00000000a3380000)
 Metaspace       used 54671K, capacity 56298K, committed 56360K, reserved 1097728K
  class space    used 7531K, capacity 7922K, committed 7976K, reserved 1048576K
GC Heap History (10 events):
Event: 18.380 GC heap before
{Heap before GC invocations=15 (full 1):
 PSYoungGen      total 57344K, used 9336K [0x00000000e0000000, 0x00000000e5080000, 0x0000000100000000)
  eden space 48128K, 5% used [0x00000000e0000000,0x00000000e02ad610,0x00000000e2f00000)
  from space 9216K, 71% used [0x00000000e2f00000,0x00000000e3570b00,0x00000000e3800000)
  to   space 9216K, 0% used [0x00000000e4780000,0x00000000e4780000,0x00000000e5080000)
 ParOldGen       total 37376K, used 12370K [0x00000000a0000000, 0x00000000a2480000, 0x00000000e0000000)
  object space 37376K, 33% used [0x00000000a0000000,0x00000000a0c14920,0x00000000a2480000)
 Metaspace       used 34652K, capacity 35452K, committed 35496K, reserved 1079296K
  class space    used 4759K, capacity 4993K, committed 5032K, reserved 1048576K
Event: 18.386 GC heap after
Heap after GC invocations=15 (full 1):
 PSYoungGen      total 73216K, used 3120K [0x00000000e0000000, 0x00000000e5280000, 0x0000000100000000)
  eden space 64000K, 0% used [0x00000000e0000000,0x00000000e0000000,0x00000000e3e80000)
  from space 9216K, 33% used [0x00000000e4780000,0x00000000e4a8c010,0x00000000e5080000)
  to   space 9216K, 0% used [0x00000000e3e80000,0x00000000e3e80000,0x00000000e4780000)
 ParOldGen       total 37376K, used 14336K [0x00000000a0000000, 0x00000000a2480000, 0x00000000e0000000)
  object space 37376K, 38% used [0x00000000a0000000,0x00000000a0e00340,0x00000000a2480000)
 Metaspace       used 34652K, capacity 35452K, committed 35496K, reserved 1079296K
  class space    used 4759K, capacity 4993K, committed 5032K, reserved 1048576K
}
Event: 18.386 GC heap before
{Heap before GC invocations=16 (full 2):
 PSYoungGen      total 73216K, used 3120K [0x00000000e0000000, 0x00000000e5280000, 0x0000000100000000)
  eden space 64000K, 0% used [0x00000000e0000000,0x00000000e0000000,0x00000000e3e80000)
  from space 9216K, 33% used [0x00000000e4780000,0x00000000e4a8c010,0x00000000e5080000)
  to   space 9216K, 0% used [0x00000000e3e80000,0x00000000e3e80000,0x00000000e4780000)
 ParOldGen       total 37376K, used 14336K [0x00000000a0000000, 0x00000000a2480000, 0x00000000e0000000)
  object space 37376K, 38% used [0x00000000a0000000,0x00000000a0e00340,0x00000000a2480000)
 Metaspace       used 34652K, capacity 35452K, committed 35496K, reserved 1079296K
  class space    used 4759K, capacity 4993K, committed 5032K, reserved 1048576K
Event: 18.465 GC heap after
Heap after GC invocations=16 (full 2):
 PSYoungGen      total 73216K, used 0K [0x00000000e0000000, 0x00000000e5280000, 0x0000000100000000)
  eden space 64000K, 0% used [0x00000000e0000000,0x00000000e0000000,0x00000000e3e80000)
  from space 9216K, 0% used [0x00000000e4780000,0x00000000e4780000,0x00000000e5080000)
  to   space 9216K, 0% used [0x00000000e3e80000,0x00000000e3e80000,0x00000000e4780000)
 ParOldGen       total 52736K, used 14588K [0x00000000a0000000, 0x00000000a3380000, 0x00000000e0000000)
  object space 52736K, 27% used [0x00000000a0000000,0x00000000a0e3f150,0x00000000a3380000)
 Metaspace       used 34648K, capacity 35440K, committed 35496K, reserved 1079296K
  class space    used 4758K, capacity 4991K, committed 5032K, reserved 1048576K
}
Event: 25.281 GC heap before
{Heap before GC invocations=17 (full 2):
 PSYoungGen      total 73216K, used 63985K [0x00000000e0000000, 0x00000000e5280000, 0x0000000100000000)
  eden space 64000K, 99% used [0x00000000e0000000,0x00000000e3e7c5c0,0x00000000e3e80000)
  from space 9216K, 0% used [0x00000000e4780000,0x00000000e4780000,0x00000000e5080000)
  to   space 9216K, 0% used [0x00000000e3e80000,0x00000000e3e80000,0x00000000e4780000)
 ParOldGen       total 52736K, used 14588K [0x00000000a0000000, 0x00000000a3380000, 0x00000000e0000000)
  object space 52736K, 27% used [0x00000000a0000000,0x00000000a0e3f150,0x00000000a3380000)
 Metaspace       used 42089K, capacity 43140K, committed 43432K, reserved 1087488K
  class space    used 5718K, capacity 6002K, committed 6056K, reserved 1048576K
Event: 25.291 GC heap after
Heap after GC invocations=17 (full 2):
 PSYoungGen      total 73216K, used 8436K [0x00000000e0000000, 0x00000000e6800000, 0x0000000100000000)
  eden space 64000K, 0% used [0x00000000e0000000,0x00000000e0000000,0x00000000e3e80000)
  from space 9216K, 91% used [0x00000000e3e80000,0x00000000e46bd398,0x00000000e4780000)
  to   space 10240K, 0% used [0x00000000e5e00000,0x00000000e5e00000,0x00000000e6800000)
 ParOldGen       total 52736K, used 14596K [0x00000000a0000000, 0x00000000a3380000, 0x00000000e0000000)
  object space 52736K, 27% used [0x00000000a0000000,0x00000000a0e41150,0x00000000a3380000)
 Metaspace       used 42089K, capacity 43140K, committed 43432K, reserved 1087488K
  class space    used 5718K, capacity 6002K, committed 6056K, reserved 1048576K
}
Event: 31.815 GC heap before
{Heap before GC invocations=18 (full 2):
 PSYoungGen      total 73216K, used 72436K [0x00000000e0000000, 0x00000000e6800000, 0x0000000100000000)
  eden space 64000K, 100% used [0x00000000e0000000,0x00000000e3e80000,0x00000000e3e80000)
  from space 9216K, 91% used [0x00000000e3e80000,0x00000000e46bd398,0x00000000e4780000)
  to   space 10240K, 0% used [0x00000000e5e00000,0x00000000e5e00000,0x00000000e6800000)
 ParOldGen       total 52736K, used 14596K [0x00000000a0000000, 0x00000000a3380000, 0x00000000e0000000)
  object space 52736K, 27% used [0x00000000a0000000,0x00000000a0e41150,0x00000000a3380000)
 Metaspace       used 47671K, capacity 48844K, committed 49064K, reserved 1091584K
  class space    used 6380K, capacity 6713K, committed 6824K, reserved 1048576K
Event: 31.829 GC heap after
Heap after GC invocations=18 (full 2):
 PSYoungGen      total 93184K, used 8614K [0x00000000e0000000, 0x00000000e6700000, 0x0000000100000000)
  eden space 83968K, 0% used [0x00000000e0000000,0x00000000e0000000,0x00000000e5200000)
  from space 9216K, 93% used [0x00000000e5e00000,0x00000000e66699f8,0x00000000e6700000)
  to   space 10752K, 0% used [0x00000000e5200000,0x00000000e5200000,0x00000000e5c80000)
 ParOldGen       total 52736K, used 17474K [0x00000000a0000000, 0x00000000a3380000, 0x00000000e0000000)
  object space 52736K, 33% used [0x00000000a0000000,0x00000000a1110848,0x00000000a3380000)
 Metaspace       used 47671K, capacity 48844K, committed 49064K, reserved 1091584K
  class space    used 6380K, capacity 6713K, committed 6824K, reserved 1048576K
}
Event: 59.868 GC heap before
{Heap before GC invocations=19 (full 2):
 PSYoungGen      total 93184K, used 92582K [0x00000000e0000000, 0x00000000e6700000, 0x0000000100000000)
  eden space 83968K, 100% used [0x00000000e0000000,0x00000000e5200000,0x00000000e5200000)
  from space 9216K, 93% used [0x00000000e5e00000,0x00000000e66699f8,0x00000000e6700000)
  to   space 10752K, 0% used [0x00000000e5200000,0x00000000e5200000,0x00000000e5c80000)
 ParOldGen       total 52736K, used 17474K [0x00000000a0000000, 0x00000000a3380000, 0x00000000e0000000)
  object space 52736K, 33% used [0x00000000a0000000,0x00000000a1110848,0x00000000a3380000)
 Metaspace       used 54382K, capacity 56034K, committed 56104K, reserved 1097728K
  class space    used 7502K, capacity 7920K, committed 7976K, reserved 1048576K
Event: 59.888 GC heap after
Heap after GC invocations=19 (full 2):
 PSYoungGen      total 94720K, used 9040K [0x00000000e0000000, 0x00000000e6700000, 0x0000000100000000)
  eden space 83968K, 0% used [0x00000000e0000000,0x00000000e0000000,0x00000000e5200000)
  from space 10752K, 84% used [0x00000000e5200000,0x00000000e5ad42f0,0x00000000e5c80000)
  to   space 9216K, 0% used [0x00000000e5e00000,0x00000000e5e00000,0x00000000e6700000)
 ParOldGen       total 52736K, used 22896K [0x00000000a0000000, 0x00000000a3380000, 0x00000000e0000000)
  object space 52736K, 43% used [0x00000000a0000000,0x00000000a165c138,0x00000000a3380000)
 Metaspace       used 54382K, capacity 56034K, committed 56104K, reserved 1097728K
  class space    used 7502K, capacity 7920K, committed 7976K, reserved 1048576K
}

