# JRE version: OpenJDK Runtime Environment (8.0_212-b04) (build 1.8.0_212-release-1586-b04)
# Java VM: OpenJDK 64-Bit Server VM (25.212-b04 mixed mode windows-amd64 compressed oops)
Heap:
 PSYoungGen      total 69120K, used 44948K [0x00000000e0000000, 0x00000000e6000000, 0x0000000100000000)
  eden space 53760K, 55% used [0x00000000e0000000,0x00000000e1cebb08,0x00000000e3480000)
  from space 15360K, 99% used [0x00000000e4580000,0x00000000e5479590,0x00000000e5480000)
  to   space 17408K, 0% used [0x00000000e3480000,0x00000000e3480000,0x00000000e4580000)
 ParOldGen       total 101376K, used 67614K [0x00000000a0000000, 0x00000000a6300000, 0x00000000e0000000)
  object space 101376K, 66% used [0x00000000a0000000,0x00000000a4207ae8,0x00000000a6300000)
 Metaspace       used 89322K, capacity 94092K, committed 94232K, reserved 1130496K
  class space    used 11598K, capacity 12465K, committed 12584K, reserved 1048576K
GC Heap History (10 events):
Event: 5202.028 GC heap before
{Heap before GC invocations=54 (full 4):
 PSYoungGen      total 68608K, used 68512K [0x00000000e0000000, 0x00000000e5a80000, 0x0000000100000000)
  eden space 61952K, 100% used [0x00000000e0000000,0x00000000e3c80000,0x00000000e3c80000)
  from space 6656K, 98% used [0x00000000e3e80000,0x00000000e44e8040,0x00000000e4500000)
  to   space 15360K, 0% used [0x00000000e4b80000,0x00000000e4b80000,0x00000000e5a80000)
 ParOldGen       total 101376K, used 66164K [0x00000000a0000000, 0x00000000a6300000, 0x00000000e0000000)
  object space 101376K, 65% used [0x00000000a0000000,0x00000000a409d3c0,0x00000000a6300000)
 Metaspace       used 88819K, capacity 93588K, committed 93848K, reserved 1130496K
  class space    used 11565K, capacity 12445K, committed 12456K, reserved 1048576K
Event: 5202.154 GC heap after
Heap after GC invocations=54 (full 4):
 PSYoungGen      total 74240K, used 6229K [0x00000000e0000000, 0x00000000e5900000, 0x0000000100000000)
  eden space 60416K, 0% used [0x00000000e0000000,0x00000000e0000000,0x00000000e3b00000)
  from space 13824K, 45% used [0x00000000e4b80000,0x00000000e51956c0,0x00000000e5900000)
  to   space 15360K, 0% used [0x00000000e3b00000,0x00000000e3b00000,0x00000000e4a00000)
 ParOldGen       total 101376K, used 66873K [0x00000000a0000000, 0x00000000a6300000, 0x00000000e0000000)
  object space 101376K, 65% used [0x00000000a0000000,0x00000000a414e430,0x00000000a6300000)
 Metaspace       used 88819K, capacity 93588K, committed 93848K, reserved 1130496K
  class space    used 11565K, capacity 12445K, committed 12456K, reserved 1048576K
}
Event: 9527.282 GC heap before
{Heap before GC invocations=55 (full 4):
 PSYoungGen      total 74240K, used 66645K [0x00000000e0000000, 0x00000000e5900000, 0x0000000100000000)
  eden space 60416K, 100% used [0x00000000e0000000,0x00000000e3b00000,0x00000000e3b00000)
  from space 13824K, 45% used [0x00000000e4b80000,0x00000000e51956c0,0x00000000e5900000)
  to   space 15360K, 0% used [0x00000000e3b00000,0x00000000e3b00000,0x00000000e4a00000)
 ParOldGen       total 101376K, used 66873K [0x00000000a0000000, 0x00000000a6300000, 0x00000000e0000000)
  object space 101376K, 65% used [0x00000000a0000000,0x00000000a414e430,0x00000000a6300000)
 Metaspace       used 88892K, capacity 93652K, committed 93848K, reserved 1130496K
  class space    used 11565K, capacity 12445K, committed 12456K, reserved 1048576K
Event: 9527.515 GC heap after
Heap after GC invocations=55 (full 4):
 PSYoungGen      total 63488K, used 4304K [0x00000000e0000000, 0x00000000e5780000, 0x0000000100000000)
  eden space 58880K, 0% used [0x00000000e0000000,0x00000000e0000000,0x00000000e3980000)
  from space 4608K, 93% used [0x00000000e3b00000,0x00000000e3f34020,0x00000000e3f80000)
  to   space 15360K, 0% used [0x00000000e4880000,0x00000000e4880000,0x00000000e5780000)
 ParOldGen       total 101376K, used 66921K [0x00000000a0000000, 0x00000000a6300000, 0x00000000e0000000)
  object space 101376K, 66% used [0x00000000a0000000,0x00000000a415a430,0x00000000a6300000)
 Metaspace       used 88892K, capacity 93652K, committed 93848K, reserved 1130496K
  class space    used 11565K, capacity 12445K, committed 12456K, reserved 1048576K
}
Event: 9536.730 GC heap before
{Heap before GC invocations=56 (full 4):
 PSYoungGen      total 63488K, used 63184K [0x00000000e0000000, 0x00000000e5780000, 0x0000000100000000)
  eden space 58880K, 100% used [0x00000000e0000000,0x00000000e3980000,0x00000000e3980000)
  from space 4608K, 93% used [0x00000000e3b00000,0x00000000e3f34020,0x00000000e3f80000)
  to   space 15360K, 0% used [0x00000000e4880000,0x00000000e4880000,0x00000000e5780000)
 ParOldGen       total 101376K, used 66921K [0x00000000a0000000, 0x00000000a6300000, 0x00000000e0000000)
  object space 101376K, 66% used [0x00000000a0000000,0x00000000a415a430,0x00000000a6300000)
 Metaspace       used 88919K, capacity 93652K, committed 93848K, reserved 1130496K
  class space    used 11565K, capacity 12445K, committed 12456K, reserved 1048576K
Event: 9536.869 GC heap after
Heap after GC invocations=56 (full 4):
 PSYoungGen      total 72704K, used 12766K [0x00000000e0000000, 0x00000000e5800000, 0x0000000100000000)
  eden space 57344K, 0% used [0x00000000e0000000,0x00000000e0000000,0x00000000e3800000)
  from space 15360K, 83% used [0x00000000e4880000,0x00000000e54f7808,0x00000000e5780000)
  to   space 16384K, 0% used [0x00000000e3800000,0x00000000e3800000,0x00000000e4800000)
 ParOldGen       total 101376K, used 67009K [0x00000000a0000000, 0x00000000a6300000, 0x00000000e0000000)
  object space 101376K, 66% used [0x00000000a0000000,0x00000000a4170430,0x00000000a6300000)
 Metaspace       used 88919K, capacity 93652K, committed 93848K, reserved 1130496K
  class space    used 11565K, capacity 12445K, committed 12456K, reserved 1048576K
}
Event: 9595.698 GC heap before
{Heap before GC invocations=57 (full 4):
 PSYoungGen      total 72704K, used 70110K [0x00000000e0000000, 0x00000000e5800000, 0x0000000100000000)
  eden space 57344K, 100% used [0x00000000e0000000,0x00000000e3800000,0x00000000e3800000)
  from space 15360K, 83% used [0x00000000e4880000,0x00000000e54f7808,0x00000000e5780000)
  to   space 16384K, 0% used [0x00000000e3800000,0x00000000e3800000,0x00000000e4800000)
 ParOldGen       total 101376K, used 67009K [0x00000000a0000000, 0x00000000a6300000, 0x00000000e0000000)
  object space 101376K, 66% used [0x00000000a0000000,0x00000000a4170430,0x00000000a6300000)
 Metaspace       used 89150K, capacity 93894K, committed 94232K, reserved 1130496K
  class space    used 11593K, capacity 12464K, committed 12584K, reserved 1048576K
Event: 9595.813 GC heap after
Heap after GC invocations=57 (full 4):
 PSYoungGen      total 64512K, used 8367K [0x00000000e0000000, 0x00000000e5480000, 0x0000000100000000)
  eden space 55808K, 0% used [0x00000000e0000000,0x00000000e0000000,0x00000000e3680000)
  from space 8704K, 96% used [0x00000000e3800000,0x00000000e402bdb8,0x00000000e4080000)
  to   space 15360K, 0% used [0x00000000e4580000,0x00000000e4580000,0x00000000e5480000)
 ParOldGen       total 101376K, used 67033K [0x00000000a0000000, 0x00000000a6300000, 0x00000000e0000000)
  object space 101376K, 66% used [0x00000000a0000000,0x00000000a4176430,0x00000000a6300000)
 Metaspace       used 89150K, capacity 93894K, committed 94232K, reserved 1130496K
  class space    used 11593K, capacity 12464K, committed 12584K, reserved 1048576K
}
Event: 9601.936 GC heap before
{Heap before GC invocations=58 (full 4):
 PSYoungGen      total 64512K, used 64175K [0x00000000e0000000, 0x00000000e5480000, 0x0000000100000000)
  eden space 55808K, 100% used [0x00000000e0000000,0x00000000e3680000,0x00000000e3680000)
  from space 8704K, 96% used [0x00000000e3800000,0x00000000e402bdb8,0x00000000e4080000)
  to   space 15360K, 0% used [0x00000000e4580000,0x00000000e4580000,0x00000000e5480000)
 ParOldGen       total 101376K, used 67033K [0x00000000a0000000, 0x00000000a6300000, 0x00000000e0000000)
  object space 101376K, 66% used [0x00000000a0000000,0x00000000a4176430,0x00000000a6300000)
 Metaspace       used 89213K, capacity 93900K, committed 94232K, reserved 1130496K
  class space    used 11596K, capacity 12465K, committed 12584K, reserved 1048576K
Event: 9602.204 GC heap after
Heap after GC invocations=58 (full 4):
 PSYoungGen      total 69120K, used 15333K [0x00000000e0000000, 0x00000000e6000000, 0x0000000100000000)
  eden space 53760K, 0% used [0x00000000e0000000,0x00000000e0000000,0x00000000e3480000)
  from space 15360K, 99% used [0x00000000e4580000,0x00000000e5479590,0x00000000e5480000)
  to   space 17408K, 0% used [0x00000000e3480000,0x00000000e3480000,0x00000000e4580000)
 ParOldGen       total 101376K, used 67614K [0x00000000a0000000, 0x00000000a6300000, 0x00000000e0000000)
  object space 101376K, 66% used [0x00000000a0000000,0x00000000a4207ae8,0x00000000a6300000)
 Metaspace       used 89213K, capacity 93900K, committed 94232K, reserved 1130496K
  class space    used 11596K, capacity 12465K, committed 12584K, reserved 1048576K
}

