# JRE version: OpenJDK Runtime Environment (8.0_212-b04) (build 1.8.0_212-release-1586-b04)
# Java VM: OpenJDK 64-Bit Server VM (25.212-b04 mixed mode windows-amd64 compressed oops)
Heap:
 PSYoungGen      total 76800K, used 29566K [0x00000000e0000000, 0x00000000e6d80000, 0x0000000100000000)
  eden space 69120K, 42% used [0x00000000e0000000,0x00000000e1cdf828,0x00000000e4380000)
  from space 7680K, 0% used [0x00000000e6180000,0x00000000e6180000,0x00000000e6900000)
  to   space 21504K, 0% used [0x00000000e4380000,0x00000000e4380000,0x00000000e5880000)
 ParOldGen       total 83968K, used 53114K [0x00000000a0000000, 0x00000000a5200000, 0x00000000e0000000)
  object space 83968K, 63% used [0x00000000a0000000,0x00000000a33deb08,0x00000000a5200000)
 Metaspace       used 71046K, capacity 73160K, committed 73432K, reserved 1112064K
  class space    used 9425K, capacity 9903K, committed 9984K, reserved 1048576K
GC Heap History (10 events):
Event: 229.528 GC heap before
{Heap before GC invocations=20 (full 3):
 PSYoungGen      total 92672K, used 92218K [0x00000000e0000000, 0x00000000e8280000, 0x0000000100000000)
  eden space 80384K, 100% used [0x00000000e0000000,0x00000000e4e80000,0x00000000e4e80000)
  from space 12288K, 96% used [0x00000000e7680000,0x00000000e820ea20,0x00000000e8280000)
  to   space 15872K, 0% used [0x00000000e6380000,0x00000000e6380000,0x00000000e7300000)
 ParOldGen       total 59904K, used 32540K [0x00000000a0000000, 0x00000000a3a80000, 0x00000000e0000000)
  object space 59904K, 54% used [0x00000000a0000000,0x00000000a1fc72d8,0x00000000a3a80000)
 Metaspace       used 60713K, capacity 62892K, committed 63064K, reserved 1103872K
  class space    used 8298K, capacity 8797K, committed 8832K, reserved 1048576K
Event: 229.539 GC heap after
Heap after GC invocations=20 (full 3):
 PSYoungGen      total 81408K, used 3771K [0x00000000e0000000, 0x00000000e7700000, 0x0000000100000000)
  eden space 77312K, 0% used [0x00000000e0000000,0x00000000e0000000,0x00000000e4b80000)
  from space 4096K, 92% used [0x00000000e6380000,0x00000000e672efb0,0x00000000e6780000)
  to   space 15360K, 0% used [0x00000000e6800000,0x00000000e6800000,0x00000000e7700000)
 ParOldGen       total 59904K, used 37702K [0x00000000a0000000, 0x00000000a3a80000, 0x00000000e0000000)
  object space 59904K, 62% used [0x00000000a0000000,0x00000000a24d1920,0x00000000a3a80000)
 Metaspace       used 60713K, capacity 62892K, committed 63064K, reserved 1103872K
  class space    used 8298K, capacity 8797K, committed 8832K, reserved 1048576K
}
Event: 234.587 GC heap before
{Heap before GC invocations=21 (full 3):
 PSYoungGen      total 81408K, used 81083K [0x00000000e0000000, 0x00000000e7700000, 0x0000000100000000)
  eden space 77312K, 100% used [0x00000000e0000000,0x00000000e4b80000,0x00000000e4b80000)
  from space 4096K, 92% used [0x00000000e6380000,0x00000000e672efb0,0x00000000e6780000)
  to   space 15360K, 0% used [0x00000000e6800000,0x00000000e6800000,0x00000000e7700000)
 ParOldGen       total 59904K, used 37702K [0x00000000a0000000, 0x00000000a3a80000, 0x00000000e0000000)
  object space 59904K, 62% used [0x00000000a0000000,0x00000000a24d1920,0x00000000a3a80000)
 Metaspace       used 63271K, capacity 65466K, committed 65752K, reserved 1105920K
  class space    used 8628K, capacity 9132K, committed 9216K, reserved 1048576K
Event: 234.601 GC heap after
Heap after GC invocations=21 (full 3):
 PSYoungGen      total 84480K, used 10234K [0x00000000e0000000, 0x00000000e7200000, 0x0000000100000000)
  eden space 74240K, 0% used [0x00000000e0000000,0x00000000e0000000,0x00000000e4880000)
  from space 10240K, 99% used [0x00000000e6800000,0x00000000e71fe940,0x00000000e7200000)
  to   space 15872K, 0% used [0x00000000e5300000,0x00000000e5300000,0x00000000e6280000)
 ParOldGen       total 59904K, used 37710K [0x00000000a0000000, 0x00000000a3a80000, 0x00000000e0000000)
  object space 59904K, 62% used [0x00000000a0000000,0x00000000a24d3920,0x00000000a3a80000)
 Metaspace       used 63271K, capacity 65466K, committed 65752K, reserved 1105920K
  class space    used 8628K, capacity 9132K, committed 9216K, reserved 1048576K
}
Event: 306.637 GC heap before
{Heap before GC invocations=22 (full 3):
 PSYoungGen      total 84480K, used 84474K [0x00000000e0000000, 0x00000000e7200000, 0x0000000100000000)
  eden space 74240K, 100% used [0x00000000e0000000,0x00000000e4880000,0x00000000e4880000)
  from space 10240K, 99% used [0x00000000e6800000,0x00000000e71fe940,0x00000000e7200000)
  to   space 15872K, 0% used [0x00000000e5300000,0x00000000e5300000,0x00000000e6280000)
 ParOldGen       total 59904K, used 37710K [0x00000000a0000000, 0x00000000a3a80000, 0x00000000e0000000)
  object space 59904K, 62% used [0x00000000a0000000,0x00000000a24d3920,0x00000000a3a80000)
 Metaspace       used 64825K, capacity 67066K, committed 67416K, reserved 1107968K
  class space    used 8769K, capacity 9256K, committed 9344K, reserved 1048576K
Event: 306.652 GC heap after
Heap after GC invocations=22 (full 3):
 PSYoungGen      total 86528K, used 14585K [0x00000000e0000000, 0x00000000e6900000, 0x0000000100000000)
  eden space 71680K, 0% used [0x00000000e0000000,0x00000000e0000000,0x00000000e4600000)
  from space 14848K, 98% used [0x00000000e5300000,0x00000000e613e6c8,0x00000000e6180000)
  to   space 7680K, 0% used [0x00000000e6180000,0x00000000e6180000,0x00000000e6900000)
 ParOldGen       total 59904K, used 37718K [0x00000000a0000000, 0x00000000a3a80000, 0x00000000e0000000)
  object space 59904K, 62% used [0x00000000a0000000,0x00000000a24d5920,0x00000000a3a80000)
 Metaspace       used 64825K, capacity 67066K, committed 67416K, reserved 1107968K
  class space    used 8769K, capacity 9256K, committed 9344K, reserved 1048576K
}
Event: 327.977 GC heap before
{Heap before GC invocations=23 (full 3):
 PSYoungGen      total 86528K, used 86265K [0x00000000e0000000, 0x00000000e6900000, 0x0000000100000000)
  eden space 71680K, 100% used [0x00000000e0000000,0x00000000e4600000,0x00000000e4600000)
  from space 14848K, 98% used [0x00000000e5300000,0x00000000e613e6c8,0x00000000e6180000)
  to   space 7680K, 0% used [0x00000000e6180000,0x00000000e6180000,0x00000000e6900000)
 ParOldGen       total 59904K, used 37718K [0x00000000a0000000, 0x00000000a3a80000, 0x00000000e0000000)
  object space 59904K, 62% used [0x00000000a0000000,0x00000000a24d5920,0x00000000a3a80000)
 Metaspace       used 69722K, capacity 72006K, committed 72280K, reserved 1112064K
  class space    used 9348K, capacity 9836K, committed 9856K, reserved 1048576K
Event: 328.016 GC heap after
Heap after GC invocations=23 (full 3):
 PSYoungGen      total 76800K, used 7659K [0x00000000e0000000, 0x00000000e6d80000, 0x0000000100000000)
  eden space 69120K, 0% used [0x00000000e0000000,0x00000000e0000000,0x00000000e4380000)
  from space 7680K, 99% used [0x00000000e6180000,0x00000000e68faf08,0x00000000e6900000)
  to   space 21504K, 0% used [0x00000000e4380000,0x00000000e4380000,0x00000000e5880000)
 ParOldGen       total 59904K, used 50186K [0x00000000a0000000, 0x00000000a3a80000, 0x00000000e0000000)
  object space 59904K, 83% used [0x00000000a0000000,0x00000000a3102b48,0x00000000a3a80000)
 Metaspace       used 69722K, capacity 72006K, committed 72280K, reserved 1112064K
  class space    used 9348K, capacity 9836K, committed 9856K, reserved 1048576K
}
Event: 328.016 GC heap before
{Heap before GC invocations=24 (full 4):
 PSYoungGen      total 76800K, used 7659K [0x00000000e0000000, 0x00000000e6d80000, 0x0000000100000000)
  eden space 69120K, 0% used [0x00000000e0000000,0x00000000e0000000,0x00000000e4380000)
  from space 7680K, 99% used [0x00000000e6180000,0x00000000e68faf08,0x00000000e6900000)
  to   space 21504K, 0% used [0x00000000e4380000,0x00000000e4380000,0x00000000e5880000)
 ParOldGen       total 59904K, used 50186K [0x00000000a0000000, 0x00000000a3a80000, 0x00000000e0000000)
  object space 59904K, 83% used [0x00000000a0000000,0x00000000a3102b48,0x00000000a3a80000)
 Metaspace       used 69722K, capacity 72006K, committed 72280K, reserved 1112064K
  class space    used 9348K, capacity 9836K, committed 9856K, reserved 1048576K
Event: 328.345 GC heap after
Heap after GC invocations=24 (full 4):
 PSYoungGen      total 76800K, used 0K [0x00000000e0000000, 0x00000000e6d80000, 0x0000000100000000)
  eden space 69120K, 0% used [0x00000000e0000000,0x00000000e0000000,0x00000000e4380000)
  from space 7680K, 0% used [0x00000000e6180000,0x00000000e6180000,0x00000000e6900000)
  to   space 21504K, 0% used [0x00000000e4380000,0x00000000e4380000,0x00000000e5880000)
 ParOldGen       total 83968K, used 53114K [0x00000000a0000000, 0x00000000a5200000, 0x00000000e0000000)
  object space 83968K, 63% used [0x00000000a0000000,0x00000000a33deb08,0x00000000a5200000)
 Metaspace       used 69672K, capacity 71848K, committed 72280K, reserved 1112064K
  class space    used 9332K, capacity 9807K, committed 9856K, reserved 1048576K
}

