# JRE version: OpenJDK Runtime Environment (8.0_212-b04) (build 1.8.0_212-release-1586-b04)
# Java VM: OpenJDK 64-Bit Server VM (25.212-b04 mixed mode windows-amd64 compressed oops)
Heap:
 PSYoungGen      total 76800K, used 16410K [0x00000000e0000000, 0x00000000e6280000, 0x0000000100000000)
  eden space 65024K, 7% used [0x00000000e0000000,0x00000000e04ba900,0x00000000e3f80000)
  from space 11776K, 98% used [0x00000000e4280000,0x00000000e4dcc050,0x00000000e4e00000)
  to   space 17920K, 0% used [0x00000000e5100000,0x00000000e5100000,0x00000000e6280000)
 ParOldGen       total 67072K, used 43242K [0x00000000a0000000, 0x00000000a4180000, 0x00000000e0000000)
  object space 67072K, 64% used [0x00000000a0000000,0x00000000a2a3a9c0,0x00000000a4180000)
 Metaspace       used 68164K, capacity 70602K, committed 70744K, reserved 1110016K
  class space    used 8986K, capacity 9530K, committed 9600K, reserved 1048576K
GC Heap History (10 events):
Event: 131.672 GC heap before
{Heap before GC invocations=28 (full 3):
 PSYoungGen      total 76288K, used 72702K [0x00000000e0000000, 0x00000000e5880000, 0x0000000100000000)
  eden space 62976K, 100% used [0x00000000e0000000,0x00000000e3d80000,0x00000000e3d80000)
  from space 13312K, 73% used [0x00000000e4b80000,0x00000000e54ffaa8,0x00000000e5880000)
  to   space 13824K, 0% used [0x00000000e3d80000,0x00000000e3d80000,0x00000000e4b00000)
 ParOldGen       total 67072K, used 33698K [0x00000000a0000000, 0x00000000a4180000, 0x00000000e0000000)
  object space 67072K, 50% used [0x00000000a0000000,0x00000000a20e89b8,0x00000000a4180000)
 Metaspace       used 61205K, capacity 63398K, committed 63448K, reserved 1103872K
  class space    used 8411K, capacity 8910K, committed 8960K, reserved 1048576K
Event: 131.680 GC heap after
Heap after GC invocations=28 (full 3):
 PSYoungGen      total 76800K, used 5409K [0x00000000e0000000, 0x00000000e5f00000, 0x0000000100000000)
  eden space 62976K, 0% used [0x00000000e0000000,0x00000000e0000000,0x00000000e3d80000)
  from space 13824K, 39% used [0x00000000e3d80000,0x00000000e42c8660,0x00000000e4b00000)
  to   space 13312K, 0% used [0x00000000e5200000,0x00000000e5200000,0x00000000e5f00000)
 ParOldGen       total 67072K, used 33706K [0x00000000a0000000, 0x00000000a4180000, 0x00000000e0000000)
  object space 67072K, 50% used [0x00000000a0000000,0x00000000a20ea9b8,0x00000000a4180000)
 Metaspace       used 61205K, capacity 63398K, committed 63448K, reserved 1103872K
  class space    used 8411K, capacity 8910K, committed 8960K, reserved 1048576K
}
Event: 300.577 GC heap before
{Heap before GC invocations=29 (full 3):
 PSYoungGen      total 76800K, used 68385K [0x00000000e0000000, 0x00000000e5f00000, 0x0000000100000000)
  eden space 62976K, 100% used [0x00000000e0000000,0x00000000e3d80000,0x00000000e3d80000)
  from space 13824K, 39% used [0x00000000e3d80000,0x00000000e42c8660,0x00000000e4b00000)
  to   space 13312K, 0% used [0x00000000e5200000,0x00000000e5200000,0x00000000e5f00000)
 ParOldGen       total 67072K, used 33706K [0x00000000a0000000, 0x00000000a4180000, 0x00000000e0000000)
  object space 67072K, 50% used [0x00000000a0000000,0x00000000a20ea9b8,0x00000000a4180000)
 Metaspace       used 66934K, capacity 69356K, committed 69720K, reserved 1110016K
  class space    used 8931K, capacity 9489K, committed 9600K, reserved 1048576K
Event: 300.600 GC heap after
Heap after GC invocations=29 (full 3):
 PSYoungGen      total 82432K, used 11396K [0x00000000e0000000, 0x00000000e5f80000, 0x0000000100000000)
  eden space 69120K, 0% used [0x00000000e0000000,0x00000000e0000000,0x00000000e4380000)
  from space 13312K, 85% used [0x00000000e5200000,0x00000000e5d21178,0x00000000e5f00000)
  to   space 14336K, 0% used [0x00000000e4380000,0x00000000e4380000,0x00000000e5180000)
 ParOldGen       total 67072K, used 33714K [0x00000000a0000000, 0x00000000a4180000, 0x00000000e0000000)
  object space 67072K, 50% used [0x00000000a0000000,0x00000000a20ec9b8,0x00000000a4180000)
 Metaspace       used 66934K, capacity 69356K, committed 69720K, reserved 1110016K
  class space    used 8931K, capacity 9489K, committed 9600K, reserved 1048576K
}
Event: 306.199 GC heap before
{Heap before GC invocations=30 (full 3):
 PSYoungGen      total 82432K, used 79559K [0x00000000e0000000, 0x00000000e5f80000, 0x0000000100000000)
  eden space 69120K, 98% used [0x00000000e0000000,0x00000000e4290e70,0x00000000e4380000)
  from space 13312K, 85% used [0x00000000e5200000,0x00000000e5d21178,0x00000000e5f00000)
  to   space 14336K, 0% used [0x00000000e4380000,0x00000000e4380000,0x00000000e5180000)
 ParOldGen       total 67072K, used 33714K [0x00000000a0000000, 0x00000000a4180000, 0x00000000e0000000)
  object space 67072K, 50% used [0x00000000a0000000,0x00000000a20ec9b8,0x00000000a4180000)
 Metaspace       used 67408K, capacity 69822K, committed 69976K, reserved 1110016K
  class space    used 8941K, capacity 9500K, committed 9600K, reserved 1048576K
Event: 306.222 GC heap after
Heap after GC invocations=30 (full 3):
 PSYoungGen      total 83456K, used 14320K [0x00000000e0000000, 0x00000000e6f80000, 0x0000000100000000)
  eden space 69120K, 0% used [0x00000000e0000000,0x00000000e0000000,0x00000000e4380000)
  from space 14336K, 99% used [0x00000000e4380000,0x00000000e517c0d0,0x00000000e5180000)
  to   space 18944K, 0% used [0x00000000e5d00000,0x00000000e5d00000,0x00000000e6f80000)
 ParOldGen       total 67072K, used 39996K [0x00000000a0000000, 0x00000000a4180000, 0x00000000e0000000)
  object space 67072K, 59% used [0x00000000a0000000,0x00000000a270f030,0x00000000a4180000)
 Metaspace       used 67408K, capacity 69822K, committed 69976K, reserved 1110016K
  class space    used 8941K, capacity 9500K, committed 9600K, reserved 1048576K
}
Event: 451.450 GC heap before
{Heap before GC invocations=31 (full 3):
 PSYoungGen      total 83456K, used 83440K [0x00000000e0000000, 0x00000000e6f80000, 0x0000000100000000)
  eden space 69120K, 99% used [0x00000000e0000000,0x00000000e437ff48,0x00000000e4380000)
  from space 14336K, 99% used [0x00000000e4380000,0x00000000e517c0d0,0x00000000e5180000)
  to   space 18944K, 0% used [0x00000000e5d00000,0x00000000e5d00000,0x00000000e6f80000)
 ParOldGen       total 67072K, used 39996K [0x00000000a0000000, 0x00000000a4180000, 0x00000000e0000000)
  object space 67072K, 59% used [0x00000000a0000000,0x00000000a270f030,0x00000000a4180000)
 Metaspace       used 67854K, capacity 70268K, committed 70488K, reserved 1110016K
  class space    used 8979K, capacity 9519K, committed 9600K, reserved 1048576K
Event: 451.880 GC heap after
Heap after GC invocations=31 (full 3):
 PSYoungGen      total 75776K, used 8279K [0x00000000e0000000, 0x00000000e6580000, 0x0000000100000000)
  eden space 67072K, 0% used [0x00000000e0000000,0x00000000e0000000,0x00000000e4180000)
  from space 8704K, 95% used [0x00000000e5d00000,0x00000000e6515ff8,0x00000000e6580000)
  to   space 17920K, 0% used [0x00000000e4280000,0x00000000e4280000,0x00000000e5400000)
 ParOldGen       total 67072K, used 43234K [0x00000000a0000000, 0x00000000a4180000, 0x00000000e0000000)
  object space 67072K, 64% used [0x00000000a0000000,0x00000000a2a389c0,0x00000000a4180000)
 Metaspace       used 67854K, capacity 70268K, committed 70488K, reserved 1110016K
  class space    used 8979K, capacity 9519K, committed 9600K, reserved 1048576K
}
Event: 466.338 GC heap before
{Heap before GC invocations=32 (full 3):
 PSYoungGen      total 75776K, used 75351K [0x00000000e0000000, 0x00000000e6580000, 0x0000000100000000)
  eden space 67072K, 100% used [0x00000000e0000000,0x00000000e4180000,0x00000000e4180000)
  from space 8704K, 95% used [0x00000000e5d00000,0x00000000e6515ff8,0x00000000e6580000)
  to   space 17920K, 0% used [0x00000000e4280000,0x00000000e4280000,0x00000000e5400000)
 ParOldGen       total 67072K, used 43234K [0x00000000a0000000, 0x00000000a4180000, 0x00000000e0000000)
  object space 67072K, 64% used [0x00000000a0000000,0x00000000a2a389c0,0x00000000a4180000)
 Metaspace       used 68157K, capacity 70596K, committed 70744K, reserved 1110016K
  class space    used 8985K, capacity 9529K, committed 9600K, reserved 1048576K
Event: 466.358 GC heap after
Heap after GC invocations=32 (full 3):
 PSYoungGen      total 76800K, used 11568K [0x00000000e0000000, 0x00000000e6280000, 0x0000000100000000)
  eden space 65024K, 0% used [0x00000000e0000000,0x00000000e0000000,0x00000000e3f80000)
  from space 11776K, 98% used [0x00000000e4280000,0x00000000e4dcc050,0x00000000e4e00000)
  to   space 17920K, 0% used [0x00000000e5100000,0x00000000e5100000,0x00000000e6280000)
 ParOldGen       total 67072K, used 43242K [0x00000000a0000000, 0x00000000a4180000, 0x00000000e0000000)
  object space 67072K, 64% used [0x00000000a0000000,0x00000000a2a3a9c0,0x00000000a4180000)
 Metaspace       used 68157K, capacity 70596K, committed 70744K, reserved 1110016K
  class space    used 8985K, capacity 9529K, committed 9600K, reserved 1048576K
}

