# JRE version: OpenJDK Runtime Environment (8.0_212-b04) (build 1.8.0_212-release-1586-b04)
# Java VM: OpenJDK 64-Bit Server VM (25.212-b04 mixed mode windows-amd64 compressed oops)
Heap:
 PSYoungGen      total 203264K, used 66397K [0x00000000e0000000, 0x00000000edf80000, 0x0000000100000000)
  eden space 183808K, 27% used [0x00000000e0000000,0x00000000e3120a28,0x00000000eb380000)
  from space 19456K, 82% used [0x00000000ecc80000,0x00000000edc36b08,0x00000000edf80000)
  to   space 22528K, 0% used [0x00000000eb380000,0x00000000eb380000,0x00000000ec980000)
 ParOldGen       total 96256K, used 54232K [0x00000000a0000000, 0x00000000a5e00000, 0x00000000e0000000)
  object space 96256K, 56% used [0x00000000a0000000,0x00000000a34f6158,0x00000000a5e00000)
 Metaspace       used 77555K, capacity 80548K, committed 80664K, reserved 1118208K
  class space    used 10599K, capacity 11213K, committed 11288K, reserved 1048576K
GC Heap History (10 events):
Event: 12.215 GC heap before
{Heap before GC invocations=13 (full 2):
 PSYoungGen      total 143360K, used 130560K [0x00000000e0000000, 0x00000000ebf00000, 0x0000000100000000)
  eden space 130560K, 100% used [0x00000000e0000000,0x00000000e7f80000,0x00000000e7f80000)
  from space 12800K, 0% used [0x00000000e8b80000,0x00000000e8b80000,0x00000000e9800000)
  to   space 12288K, 0% used [0x00000000e7f80000,0x00000000e7f80000,0x00000000e8b80000)
 ParOldGen       total 57344K, used 15166K [0x00000000a0000000, 0x00000000a3800000, 0x00000000e0000000)
  object space 57344K, 26% used [0x00000000a0000000,0x00000000a0ecf980,0x00000000a3800000)
 Metaspace       used 47527K, capacity 48778K, committed 48936K, reserved 1091584K
  class space    used 6345K, capacity 6668K, committed 6696K, reserved 1048576K
Event: 12.234 GC heap after
Heap after GC invocations=13 (full 2):
 PSYoungGen      total 142848K, used 12269K [0x00000000e0000000, 0x00000000ebd00000, 0x0000000100000000)
  eden space 130560K, 0% used [0x00000000e0000000,0x00000000e0000000,0x00000000e7f80000)
  from space 12288K, 99% used [0x00000000e7f80000,0x00000000e8b7b408,0x00000000e8b80000)
  to   space 15360K, 0% used [0x00000000eae00000,0x00000000eae00000,0x00000000ebd00000)
 ParOldGen       total 57344K, used 19680K [0x00000000a0000000, 0x00000000a3800000, 0x00000000e0000000)
  object space 57344K, 34% used [0x00000000a0000000,0x00000000a1338098,0x00000000a3800000)
 Metaspace       used 47527K, capacity 48778K, committed 48936K, reserved 1091584K
  class space    used 6345K, capacity 6668K, committed 6696K, reserved 1048576K
}
Event: 16.766 GC heap before
{Heap before GC invocations=14 (full 2):
 PSYoungGen      total 142848K, used 135986K [0x00000000e0000000, 0x00000000ebd00000, 0x0000000100000000)
  eden space 130560K, 94% used [0x00000000e0000000,0x00000000e78d1670,0x00000000e7f80000)
  from space 12288K, 99% used [0x00000000e7f80000,0x00000000e8b7b408,0x00000000e8b80000)
  to   space 15360K, 0% used [0x00000000eae00000,0x00000000eae00000,0x00000000ebd00000)
 ParOldGen       total 57344K, used 19680K [0x00000000a0000000, 0x00000000a3800000, 0x00000000e0000000)
  object space 57344K, 34% used [0x00000000a0000000,0x00000000a1338098,0x00000000a3800000)
 Metaspace       used 57234K, capacity 59046K, committed 59160K, reserved 1099776K
  class space    used 7933K, capacity 8362K, committed 8472K, reserved 1048576K
Event: 16.800 GC heap after
Heap after GC invocations=14 (full 2):
 PSYoungGen      total 176128K, used 14054K [0x00000000e0000000, 0x00000000ebf00000, 0x0000000100000000)
  eden space 160768K, 0% used [0x00000000e0000000,0x00000000e0000000,0x00000000e9d00000)
  from space 15360K, 91% used [0x00000000eae00000,0x00000000ebbb9a38,0x00000000ebd00000)
  to   space 17408K, 0% used [0x00000000e9d00000,0x00000000e9d00000,0x00000000eae00000)
 ParOldGen       total 57344K, used 28067K [0x00000000a0000000, 0x00000000a3800000, 0x00000000e0000000)
  object space 57344K, 48% used [0x00000000a0000000,0x00000000a1b68ec0,0x00000000a3800000)
 Metaspace       used 57234K, capacity 59046K, committed 59160K, reserved 1099776K
  class space    used 7933K, capacity 8362K, committed 8472K, reserved 1048576K
}
Event: 16.800 GC heap before
{Heap before GC invocations=15 (full 3):
 PSYoungGen      total 176128K, used 14054K [0x00000000e0000000, 0x00000000ebf00000, 0x0000000100000000)
  eden space 160768K, 0% used [0x00000000e0000000,0x00000000e0000000,0x00000000e9d00000)
  from space 15360K, 91% used [0x00000000eae00000,0x00000000ebbb9a38,0x00000000ebd00000)
  to   space 17408K, 0% used [0x00000000e9d00000,0x00000000e9d00000,0x00000000eae00000)
 ParOldGen       total 57344K, used 28067K [0x00000000a0000000, 0x00000000a3800000, 0x00000000e0000000)
  object space 57344K, 48% used [0x00000000a0000000,0x00000000a1b68ec0,0x00000000a3800000)
 Metaspace       used 57234K, capacity 59046K, committed 59160K, reserved 1099776K
  class space    used 7933K, capacity 8362K, committed 8472K, reserved 1048576K
Event: 17.077 GC heap after
Heap after GC invocations=15 (full 3):
 PSYoungGen      total 176128K, used 0K [0x00000000e0000000, 0x00000000ebf00000, 0x0000000100000000)
  eden space 160768K, 0% used [0x00000000e0000000,0x00000000e0000000,0x00000000e9d00000)
  from space 15360K, 0% used [0x00000000eae00000,0x00000000eae00000,0x00000000ebd00000)
  to   space 17408K, 0% used [0x00000000e9d00000,0x00000000e9d00000,0x00000000eae00000)
 ParOldGen       total 96256K, used 35839K [0x00000000a0000000, 0x00000000a5e00000, 0x00000000e0000000)
  object space 96256K, 37% used [0x00000000a0000000,0x00000000a22ffcd0,0x00000000a5e00000)
 Metaspace       used 57234K, capacity 59046K, committed 59160K, reserved 1099776K
  class space    used 7933K, capacity 8362K, committed 8472K, reserved 1048576K
}
Event: 29.674 GC heap before
{Heap before GC invocations=16 (full 3):
 PSYoungGen      total 176128K, used 160768K [0x00000000e0000000, 0x00000000ebf00000, 0x0000000100000000)
  eden space 160768K, 100% used [0x00000000e0000000,0x00000000e9d00000,0x00000000e9d00000)
  from space 15360K, 0% used [0x00000000eae00000,0x00000000eae00000,0x00000000ebd00000)
  to   space 17408K, 0% used [0x00000000e9d00000,0x00000000e9d00000,0x00000000eae00000)
 ParOldGen       total 96256K, used 35839K [0x00000000a0000000, 0x00000000a5e00000, 0x00000000e0000000)
  object space 96256K, 37% used [0x00000000a0000000,0x00000000a22ffcd0,0x00000000a5e00000)
 Metaspace       used 63483K, capacity 65644K, committed 65816K, reserved 1105920K
  class space    used 8655K, capacity 9171K, committed 9240K, reserved 1048576K
Event: 29.704 GC heap after
Heap after GC invocations=16 (full 3):
 PSYoungGen      total 178176K, used 17406K [0x00000000e0000000, 0x00000000ee100000, 0x0000000100000000)
  eden space 160768K, 0% used [0x00000000e0000000,0x00000000e0000000,0x00000000e9d00000)
  from space 17408K, 99% used [0x00000000e9d00000,0x00000000eadff998,0x00000000eae00000)
  to   space 20992K, 0% used [0x00000000ecc80000,0x00000000ecc80000,0x00000000ee100000)
 ParOldGen       total 96256K, used 38198K [0x00000000a0000000, 0x00000000a5e00000, 0x00000000e0000000)
  object space 96256K, 39% used [0x00000000a0000000,0x00000000a254daf8,0x00000000a5e00000)
 Metaspace       used 63483K, capacity 65644K, committed 65816K, reserved 1105920K
  class space    used 8655K, capacity 9171K, committed 9240K, reserved 1048576K
}
Event: 93.501 GC heap before
{Heap before GC invocations=17 (full 3):
 PSYoungGen      total 178176K, used 178174K [0x00000000e0000000, 0x00000000ee100000, 0x0000000100000000)
  eden space 160768K, 100% used [0x00000000e0000000,0x00000000e9d00000,0x00000000e9d00000)
  from space 17408K, 99% used [0x00000000e9d00000,0x00000000eadff998,0x00000000eae00000)
  to   space 20992K, 0% used [0x00000000ecc80000,0x00000000ecc80000,0x00000000ee100000)
 ParOldGen       total 96256K, used 38198K [0x00000000a0000000, 0x00000000a5e00000, 0x00000000e0000000)
  object space 96256K, 39% used [0x00000000a0000000,0x00000000a254daf8,0x00000000a5e00000)
 Metaspace       used 74621K, capacity 77496K, committed 77592K, reserved 1116160K
  class space    used 10194K, capacity 10761K, committed 10776K, reserved 1048576K
Event: 93.539 GC heap after
Heap after GC invocations=17 (full 3):
 PSYoungGen      total 203264K, used 16090K [0x00000000e0000000, 0x00000000edf80000, 0x0000000100000000)
  eden space 183808K, 0% used [0x00000000e0000000,0x00000000e0000000,0x00000000eb380000)
  from space 19456K, 82% used [0x00000000ecc80000,0x00000000edc36b08,0x00000000edf80000)
  to   space 22528K, 0% used [0x00000000eb380000,0x00000000eb380000,0x00000000ec980000)
 ParOldGen       total 96256K, used 54232K [0x00000000a0000000, 0x00000000a5e00000, 0x00000000e0000000)
  object space 96256K, 56% used [0x00000000a0000000,0x00000000a34f6158,0x00000000a5e00000)
 Metaspace       used 74621K, capacity 77496K, committed 77592K, reserved 1116160K
  class space    used 10194K, capacity 10761K, committed 10776K, reserved 1048576K
}

